<?xml version="1.0" encoding="utf-8"?>
<test-run id="2" testcasecount="1" result="Passed" total="1" passed="1" failed="0" inconclusive="0" skipped="0" asserts="0" engine-version="3.5.0.0" clr-version="4.0.30319.42000" start-time="2025-10-13 17:29:19Z" end-time="2025-10-13 17:29:19Z" duration="0.0174123">
  <test-suite type="TestSuite" id="1011" name="SubTerra" fullname="SubTerra" runstate="Runnable" testcasecount="3" result="Passed" start-time="2025-10-13 17:29:19Z" end-time="2025-10-13 17:29:19Z" duration="0.017412" total="1" passed="1" failed="0" inconclusive="0" skipped="0" asserts="0">
    <properties>
      <property name="platform" value="EditMode" />
    </properties>
    <test-suite type="Assembly" id="1005" name="Jack_StressTest.dll" fullname="C:/Users/Jack/Desktop/Sutara/SubTerra/Library/ScriptAssemblies/Jack_StressTest.dll" runstate="Runnable" testcasecount="3" result="Passed" start-time="2025-10-13 17:29:19Z" end-time="2025-10-13 17:29:19Z" duration="0.010687" total="1" passed="1" failed="0" inconclusive="0" skipped="0" asserts="0">
      <properties>
        <property name="_PID" value="39168" />
        <property name="_APPDOMAIN" value="Unity Child Domain" />
        <property name="platform" value="EditMode" />
        <property name="EditorOnly" value="True" />
      </properties>
      <test-suite type="TestFixture" id="1001" name="ReusableToolClassStressTests" fullname="ReusableToolClassStressTests" classname="ReusableToolClassStressTests" runstate="Runnable" testcasecount="3" result="Passed" start-time="2025-10-13 17:29:19Z" end-time="2025-10-13 17:29:19Z" duration="0.005797" total="1" passed="1" failed="0" inconclusive="0" skipped="0" asserts="0">
        <properties />
        <test-case id="1003" name="Boundary_NoFlashlightAssigned_DoesNotCrash" fullname="ReusableToolClassStressTests.Boundary_NoFlashlightAssigned_DoesNotCrash" methodname="Boundary_NoFlashlightAssigned_DoesNotCrash" classname="ReusableToolClassStressTests" runstate="Runnable" seed="391215158" result="Passed" start-time="2025-10-13 17:29:19Z" end-time="2025-10-13 17:29:19Z" duration="0.002256" asserts="0">
          <properties>
            <property name="retryIteration" value="0" />
            <property name="repeatIteration" value="0" />
          </properties>
          <output><![CDATA[Tool is being used!
No Light assigned to Tool
Saving results to: C:/Users/Jack/AppData/LocalLow/Sandstorm Games/SubTerra\TestResults.xml
]]></output>
        </test-case>
      </test-suite>
    </test-suite>
  </test-suite>
</test-run>