<?xml version="1.0" encoding="utf-8"?>
<test-run id="2" testcasecount="1" result="Passed" total="1" passed="1" failed="0" inconclusive="0" skipped="0" asserts="0" engine-version="3.5.0.0" clr-version="4.0.30319.42000" start-time="2025-10-13 17:28:06Z" end-time="2025-10-13 17:28:07Z" duration="1.0529182">
  <test-suite type="TestSuite" id="1010" name="SubTerra" fullname="SubTerra" runstate="Runnable" testcasecount="3" result="Passed" start-time="2025-10-13 17:28:06Z" end-time="2025-10-13 17:28:07Z" duration="1.052918" total="1" passed="1" failed="0" inconclusive="0" skipped="0" asserts="0">
    <properties>
      <property name="platform" value="EditMode" />
    </properties>
    <test-suite type="Assembly" id="1005" name="Jack_StressTest.dll" fullname="C:/Users/Jack/Desktop/Sutara/SubTerra/Library/ScriptAssemblies/Jack_StressTest.dll" runstate="Runnable" testcasecount="3" result="Passed" start-time="2025-10-13 17:28:06Z" end-time="2025-10-13 17:28:07Z" duration="1.044212" total="1" passed="1" failed="0" inconclusive="0" skipped="0" asserts="0">
      <properties>
        <property name="_PID" value="39168" />
        <property name="_APPDOMAIN" value="Unity Child Domain" />
        <property name="platform" value="EditMode" />
        <property name="EditorOnly" value="True" />
      </properties>
      <test-suite type="TestFixture" id="1001" name="ReusableToolClassStressTests" fullname="ReusableToolClassStressTests" classname="ReusableToolClassStressTests" runstate="Runnable" testcasecount="3" result="Passed" start-time="2025-10-13 17:28:06Z" end-time="2025-10-13 17:28:07Z" duration="1.034316" total="1" passed="1" failed="0" inconclusive="0" skipped="0" asserts="0">
        <properties />
        <test-case id="1002" name="Stress_ToggleFlashlightRapidly" fullname="ReusableToolClassStressTests.Stress_ToggleFlashlightRapidly" methodname="Stress_ToggleFlashlightRapidly" classname="ReusableToolClassStressTests" runstate="Runnable" seed="323115578" result="Passed" start-time="2025-10-13 17:28:06Z" end-time="2025-10-13 17:28:07Z" duration="1.024323" asserts="0">
          <properties>
            <property name="retryIteration" value="0" />
            <property name="repeatIteration" value="0" />
          </properties>
          <output><![CDATA[Tool is being used!
Tool turned ON
Tool is being used!
Tool turned OFF
Tool is being used!
Tool turned ON
Tool is being used!
Tool turned OFF
Tool is being used!
Tool turned ON
Tool is being used!
Tool turned OFF
Tool is being used!
Tool turned ON
Tool is being used!
Tool turned OFF
Tool is being used!
Tool turned ON
Tool is being used!
Tool turned OFF
Tool is being used!
Tool turned ON
Tool is being used!
Tool turned OFF
Tool is being used!
Tool turned ON
Tool is being used!
Tool turned OFF
Tool is being used!
Tool turned ON
Tool is being used!
Tool turned OFF
Tool is being used!
Tool turned ON
Tool is being used!
Tool turned OFF
Tool is being used!
Tool turned ON
Tool is being used!
Tool turned OFF
Tool is being used!
Tool turned ON
Tool is being used!
Tool turned OFF
Tool is being used!
Tool turned ON
Tool is being used!
Tool turned OFF
Tool is being used!
Tool turned ON
Tool is being used!
Tool turned OFF
Tool is being used!
Tool turned ON
Tool is being used!
Tool turned OFF
Tool is being used!
Tool turned ON
Tool is being used!
Tool turned OFF
Tool is being used!
Tool turned ON
Tool is being used!
Tool turned OFF
Tool is being used!
Tool turned ON
Tool is being used!
Tool turned OFF
Tool is being used!
Tool turned ON
Tool is being used!
Tool turned OFF
Tool is being used!
Tool turned ON
Tool is being used!
Tool turned OFF
Tool is being used!
Tool turned ON
Tool is being used!
Tool turned OFF
Tool is being used!
Tool turned ON
Tool is being used!
Tool turned OFF
Tool is being used!
Tool turned ON
Tool is being used!
Tool turned OFF
Tool is being used!
Tool turned ON
Tool is being used!
Tool turned OFF
Tool is being used!
Tool turned ON
Tool is being used!
Tool turned OFF
Tool is being used!
Tool turned ON
Tool is being used!
Tool turned OFF
Tool is being used!
Tool turned ON
Tool is being used!
Tool turned OFF
Tool is being used!
Tool turned ON
Tool is being used!
Tool turned OFF
Tool is being used!
Tool turned ON
Tool is being used!
Tool turned OFF
Tool is being used!
Tool turned ON
Tool is being used!
Tool turned OFF
Tool is being used!
Tool turned ON
Tool is being used!
Tool turned OFF
Tool is being used!
Tool turned ON
Tool is being used!
Tool turned OFF
Tool is being used!
Tool turned ON
Tool is being used!
Tool turned OFF
Tool is being used!
Tool turned ON
Tool is being used!
Tool turned OFF
Tool is being used!
Tool turned ON
Tool is being used!
Tool turned OFF
Tool is being used!
Tool turned ON
Tool is being used!
Tool turned OFF
Tool is being used!
Tool turned ON
Tool is being used!
Tool turned OFF
Tool is being used!
Tool turned ON
Tool is being used!
Tool turned OFF
Tool is being used!
Tool turned ON
Tool is being used!
Tool turned OFF
Tool is being used!
Tool turned ON
Tool is being used!
Tool turned OFF
Tool is being used!
Tool turned ON
Tool is being used!
Tool turned OFF
Tool is being used!
Tool turned ON
Tool is being used!
Tool turned OFF
Tool is being used!
Tool turned ON
Tool is being used!
Tool turned OFF
Tool is being used!
Tool turned ON
Tool is being used!
Tool turned OFF
Tool is being used!
Tool turned ON
Tool is being used!
Tool turned OFF
Tool is being used!
Tool turned ON
Tool is being used!
Tool turned OFF
Tool is being used!
Tool turned ON
Tool is being used!
Tool turned OFF
Tool is being used!
Tool turned ON
Tool is being used!
Tool turned OFF
Tool is being used!
Tool turned ON
Tool is being used!
Tool turned OFF
Tool is being used!
Tool turned ON
Tool is being used!
Tool turned OFF
Tool is being used!
Tool turned ON
Tool is being used!
Tool turned OFF
Tool is being used!
Tool turned ON
Tool is being used!
Tool turned OFF
Tool is being used!
Tool turned ON
Tool is being used!
Tool turned OFF
Tool is being used!
Tool turned ON
Tool is being used!
Tool turned OFF
Tool is being used!
Tool turned ON
Tool is being used!
Tool turned OFF
Tool is being used!
Tool turned ON
Tool is being used!
Tool turned OFF
Tool is being used!
Tool turned ON
Tool is being used!
Tool turned OFF
Tool is being used!
Tool turned ON
Tool is being used!
Tool turned OFF
Tool is being used!
Tool turned ON
Tool is being used!
Tool turned OFF
Tool is being used!
Tool turned ON
Tool is being used!
Tool turned OFF
Tool is being used!
Tool turned ON
Tool is being used!
Tool turned OFF
Tool is being used!
Tool turned ON
Tool is being used!
Tool turned OFF
Tool is being used!
Tool turned ON
Tool is being used!
Tool turned OFF
Tool is being used!
Tool turned ON
Tool is being used!
Tool turned OFF
Tool is being used!
Tool turned ON
Tool is being used!
Tool turned OFF
Tool is being used!
Tool turned ON
Tool is being used!
Tool turned OFF
Tool is being used!
Tool turned ON
Tool is being used!
Tool turned OFF
Tool is being used!
Tool turned ON
Tool is being used!
Tool turned OFF
Tool is being used!
Tool turned ON
Tool is being used!
Tool turned OFF
Tool is being used!
Tool turned ON
Tool is being used!
Tool turned OFF
Tool is being used!
Tool turned ON
Tool is being used!
Tool turned OFF
Tool is being used!
Tool turned ON
Tool is being used!
Tool turned OFF
Tool is being used!
Tool turned ON
Tool is being used!
Tool turned OFF
Tool is being used!
Tool turned ON
Tool is being used!
Tool turned OFF
Tool is being used!
Tool turned ON
Tool is being used!
Tool turned OFF
Tool is being used!
Tool turned ON
Tool is being used!
Tool turned OFF
Tool is being used!
Tool turned ON
Tool is being used!
Tool turned OFF
Tool is being used!
Tool turned ON
Tool is being used!
Tool turned OFF
Tool is being used!
Tool turned ON
Tool is being used!
Tool turned OFF
Tool is being used!
Tool turned ON
Tool is being used!
Tool turned OFF
Tool is being used!
Tool turned ON
Tool is being used!
Tool turned OFF
Tool is being used!
Tool turned ON
Tool is being used!
Tool turned OFF
Tool is being used!
Tool turned ON
Tool is being used!
Tool turned OFF
Tool is being used!
Tool turned ON
Tool is being used!
Tool turned OFF
Tool is being used!
Tool turned ON
Tool is being used!
Tool turned OFF
Tool is being used!
Tool turned ON
Tool is being used!
Tool turned OFF
Tool is being used!
Tool turned ON
Tool is being used!
Tool turned OFF
Tool is being used!
Tool turned ON
Tool is being used!
Tool turned OFF
Tool is being used!
Tool turned ON
Tool is being used!
Tool turned OFF
Tool is being used!
Tool turned ON
Tool is being used!
Tool turned OFF
Tool is being used!
Tool turned ON
Tool is being used!
Tool turned OFF
Tool is being used!
Tool turned ON
Tool is being used!
Tool turned OFF
Tool is being used!
Tool turned ON
Tool is being used!
Tool turned OFF
Tool is being used!
Tool turned ON
Tool is being used!
Tool turned OFF
Tool is being used!
Tool turned ON
Tool is being used!
Tool turned OFF
Tool is being used!
Tool turned ON
Tool is being used!
Tool turned OFF
Tool is being used!
Tool turned ON
Tool is being used!
Tool turned OFF
Tool is being used!
Tool turned ON
Tool is being used!
Tool turned OFF
Tool is being used!
Tool turned ON
Tool is being used!
Tool turned OFF
Tool is being used!
Tool turned ON
Tool is being used!
Tool turned OFF
Tool is being used!
Tool turned ON
Tool is being used!
Tool turned OFF
Tool is being used!
Tool turned ON
Tool is being used!
Tool turned OFF
Tool is being used!
Tool turned ON
Tool is being used!
Tool turned OFF
Tool is being used!
Tool turned ON
Tool is being used!
Tool turned OFF
Tool is being used!
Tool turned ON
Tool is being used!
Tool turned OFF
Tool is being used!
Tool turned ON
Tool is being used!
Tool turned OFF
Tool is being used!
Tool turned ON
Tool is being used!
Tool turned OFF
Tool is being used!
Tool turned ON
Tool is being used!
Tool turned OFF
Tool is being used!
Tool turned ON
Tool is being used!
Tool turned OFF
Tool is being used!
Tool turned ON
Tool is being used!
Tool turned OFF
Tool is being used!
Tool turned ON
Tool is being used!
Tool turned OFF
Tool is being used!
Tool turned ON
Tool is being used!
Tool turned OFF
Tool is being used!
Tool turned ON
Tool is being used!
Tool turned OFF
Tool is being used!
Tool turned ON
Tool is being used!
Tool turned OFF
Tool is being used!
Tool turned ON
Tool is being used!
Tool turned OFF
Tool is being used!
Tool turned ON
Tool is being used!
Tool turned OFF
Tool is being used!
Tool turned ON
Tool is being used!
Tool turned OFF
Tool is being used!
Tool turned ON
Tool is being used!
Tool turned OFF
Tool is being used!
Tool turned ON
Tool is being used!
Tool turned OFF
Tool is being used!
Tool turned ON
Tool is being used!
Tool turned OFF
Tool is being used!
Tool turned ON
Tool is being used!
Tool turned OFF
Tool is being used!
Tool turned ON
Tool is being used!
Tool turned OFF
Tool is being used!
Tool turned ON
Tool is being used!
Tool turned OFF
Tool is being used!
Tool turned ON
Tool is being used!
Tool turned OFF
Tool is being used!
Tool turned ON
Tool is being used!
Tool turned OFF
Tool is being used!
Tool turned ON
Tool is being used!
Tool turned OFF
Tool is being used!
Tool turned ON
Tool is being used!
Tool turned OFF
Tool is being used!
Tool turned ON
Tool is being used!
Tool turned OFF
Tool is being used!
Tool turned ON
Tool is being used!
Tool turned OFF
Tool is being used!
Tool turned ON
Tool is being used!
Tool turned OFF
Tool is being used!
Tool turned ON
Tool is being used!
Tool turned OFF
Tool is being used!
Tool turned ON
Tool is being used!
Tool turned OFF
Tool is being used!
Tool turned ON
Tool is being used!
Tool turned OFF
Tool is being used!
Tool turned ON
Tool is being used!
Tool turned OFF
Tool is being used!
Tool turned ON
Tool is being used!
Tool turned OFF
Tool is being used!
Tool turned ON
Tool is being used!
Tool turned OFF
Tool is being used!
Tool turned ON
Tool is being used!
Tool turned OFF
Tool is being used!
Tool turned ON
Tool is being used!
Tool turned OFF
Tool is being used!
Tool turned ON
Tool is being used!
Tool turned OFF
Tool is being used!
Tool turned ON
Tool is being used!
Tool turned OFF
Tool is being used!
Tool turned ON
Tool is being used!
Tool turned OFF
Tool is being used!
Tool turned ON
Tool is being used!
Tool turned OFF
Tool is being used!
Tool turned ON
Tool is being used!
Tool turned OFF
Tool is being used!
Tool turned ON
Tool is being used!
Tool turned OFF
Tool is being used!
Tool turned ON
Tool is being used!
Tool turned OFF
Tool is being used!
Tool turned ON
Tool is being used!
Tool turned OFF
Tool is being used!
Tool turned ON
Tool is being used!
Tool turned OFF
Tool is being used!
Tool turned ON
Tool is being used!
Tool turned OFF
Tool is being used!
Tool turned ON
Tool is being used!
Tool turned OFF
Tool is being used!
Tool turned ON
Tool is being used!
Tool turned OFF
Tool is being used!
Tool turned ON
Tool is being used!
Tool turned OFF
Tool is being used!
Tool turned ON
Tool is being used!
Tool turned OFF
Tool is being used!
Tool turned ON
Tool is being used!
Tool turned OFF
Tool is being used!
Tool turned ON
Tool is being used!
Tool turned OFF
Tool is being used!
Tool turned ON
Tool is being used!
Tool turned OFF
Tool is being used!
Tool turned ON
Tool is being used!
Tool turned OFF
Tool is being used!
Tool turned ON
Tool is being used!
Tool turned OFF
Tool is being used!
Tool turned ON
Tool is being used!
Tool turned OFF
Tool is being used!
Tool turned ON
Tool is being used!
Tool turned OFF
Tool is being used!
Tool turned ON
Tool is being used!
Tool turned OFF
Tool is being used!
Tool turned ON
Tool is being used!
Tool turned OFF
Tool is being used!
Tool turned ON
Tool is being used!
Tool turned OFF
Tool is being used!
Tool turned ON
Tool is being used!
Tool turned OFF
Tool is being used!
Tool turned ON
Tool is being used!
Tool turned OFF
Tool is being used!
Tool turned ON
Tool is being used!
Tool turned OFF
Tool is being used!
Tool turned ON
Tool is being used!
Tool turned OFF
Tool is being used!
Tool turned ON
Tool is being used!
Tool turned OFF
Tool is being used!
Tool turned ON
Tool is being used!
Tool turned OFF
Tool is being used!
Tool turned ON
Tool is being used!
Tool turned OFF
Tool is being used!
Tool turned ON
Tool is being used!
Tool turned OFF
Tool is being used!
Tool turned ON
Tool is being used!
Tool turned OFF
Tool is being used!
Tool turned ON
Tool is being used!
Tool turned OFF
Tool is being used!
Tool turned ON
Tool is being used!
Tool turned OFF
Tool is being used!
Tool turned ON
Tool is being used!
Tool turned OFF
Tool is being used!
Tool turned ON
Tool is being used!
Tool turned OFF
Tool is being used!
Tool turned ON
Tool is being used!
Tool turned OFF
Tool is being used!
Tool turned ON
Tool is being used!
Tool turned OFF
Tool is being used!
Tool turned ON
Tool is being used!
Tool turned OFF
Tool is being used!
Tool turned ON
Tool is being used!
Tool turned OFF
Tool is being used!
Tool turned ON
Tool is being used!
Tool turned OFF
Tool is being used!
Tool turned ON
Tool is being used!
Tool turned OFF
Tool is being used!
Tool turned ON
Tool is being used!
Tool turned OFF
Tool is being used!
Tool turned ON
Tool is being used!
Tool turned OFF
Tool is being used!
Tool turned ON
Tool is being used!
Tool turned OFF
Tool is being used!
Tool turned ON
Tool is being used!
Tool turned OFF
Tool is being used!
Tool turned ON
Tool is being used!
Tool turned OFF
Tool is being used!
Tool turned ON
Tool is being used!
Tool turned OFF
Tool is being used!
Tool turned ON
Tool is being used!
Tool turned OFF
Tool is being used!
Tool turned ON
Tool is being used!
Tool turned OFF
Tool is being used!
Tool turned ON
Tool is being used!
Tool turned OFF
Tool is being used!
Tool turned ON
Tool is being used!
Tool turned OFF
Tool is being used!
Tool turned ON
Tool is being used!
Tool turned OFF
Tool is being used!
Tool turned ON
Tool is being used!
Tool turned OFF
Tool is being used!
Tool turned ON
Tool is being used!
Tool turned OFF
Tool is being used!
Tool turned ON
Tool is being used!
Tool turned OFF
Tool is being used!
Tool turned ON
Tool is being used!
Tool turned OFF
Tool is being used!
Tool turned ON
Tool is being used!
Tool turned OFF
Tool is being used!
Tool turned ON
Tool is being used!
Tool turned OFF
Tool is being used!
Tool turned ON
Tool is being used!
Tool turned OFF
Tool is being used!
Tool turned ON
Tool is being used!
Tool turned OFF
Tool is being used!
Tool turned ON
Tool is being used!
Tool turned OFF
Tool is being used!
Tool turned ON
Tool is being used!
Tool turned OFF
Tool is being used!
Tool turned ON
Tool is being used!
Tool turned OFF
Tool is being used!
Tool turned ON
Tool is being used!
Tool turned OFF
Tool is being used!
Tool turned ON
Tool is being used!
Tool turned OFF
Tool is being used!
Tool turned ON
Tool is being used!
Tool turned OFF
Tool is being used!
Tool turned ON
Tool is being used!
Tool turned OFF
Tool is being used!
Tool turned ON
Tool is being used!
Tool turned OFF
Tool is being used!
Tool turned ON
Tool is being used!
Tool turned OFF
Tool is being used!
Tool turned ON
Tool is being used!
Tool turned OFF
Tool is being used!
Tool turned ON
Tool is being used!
Tool turned OFF
Tool is being used!
Tool turned ON
Tool is being used!
Tool turned OFF
Tool is being used!
Tool turned ON
Tool is being used!
Tool turned OFF
Tool is being used!
Tool turned ON
Tool is being used!
Tool turned OFF
Tool is being used!
Tool turned ON
Tool is being used!
Tool turned OFF
Tool is being used!
Tool turned ON
Tool is being used!
Tool turned OFF
Tool is being used!
Tool turned ON
Tool is being used!
Tool turned OFF
Tool is being used!
Tool turned ON
Tool is being used!
Tool turned OFF
Tool is being used!
Tool turned ON
Tool is being used!
Tool turned OFF
Tool is being used!
Tool turned ON
Tool is being used!
Tool turned OFF
Tool is being used!
Tool turned ON
Tool is being used!
Tool turned OFF
Tool is being used!
Tool turned ON
Tool is being used!
Tool turned OFF
Tool is being used!
Tool turned ON
Tool is being used!
Tool turned OFF
Tool is being used!
Tool turned ON
Tool is being used!
Tool turned OFF
Tool is being used!
Tool turned ON
Tool is being used!
Tool turned OFF
Tool is being used!
Tool turned ON
Tool is being used!
Tool turned OFF
Tool is being used!
Tool turned ON
Tool is being used!
Tool turned OFF
Tool is being used!
Tool turned ON
Tool is being used!
Tool turned OFF
Tool is being used!
Tool turned ON
Tool is being used!
Tool turned OFF
Tool is being used!
Tool turned ON
Tool is being used!
Tool turned OFF
Tool is being used!
Tool turned ON
Tool is being used!
Tool turned OFF
Tool is being used!
Tool turned ON
Tool is being used!
Tool turned OFF
Tool is being used!
Tool turned ON
Tool is being used!
Tool turned OFF
Tool is being used!
Tool turned ON
Tool is being used!
Tool turned OFF
Tool is being used!
Tool turned ON
Tool is being used!
Tool turned OFF
Tool is being used!
Tool turned ON
Tool is being used!
Tool turned OFF
Tool is being used!
Tool turned ON
Tool is being used!
Tool turned OFF
Tool is being used!
Tool turned ON
Tool is being used!
Tool turned OFF
Tool is being used!
Tool turned ON
Tool is being used!
Tool turned OFF
Tool is being used!
Tool turned ON
Tool is being used!
Tool turned OFF
Tool is being used!
Tool turned ON
Tool is being used!
Tool turned OFF
Tool is being used!
Tool turned ON
Tool is being used!
Tool turned OFF
Tool is being used!
Tool turned ON
Tool is being used!
Tool turned OFF
Tool is being used!
Tool turned ON
Tool is being used!
Tool turned OFF
Tool is being used!
Tool turned ON
Tool is being used!
Tool turned OFF
Tool is being used!
Tool turned ON
Tool is being used!
Tool turned OFF
Tool is being used!
Tool turned ON
Tool is being used!
Tool turned OFF
Tool is being used!
Tool turned ON
Tool is being used!
Tool turned OFF
Tool is being used!
Tool turned ON
Tool is being used!
Tool turned OFF
Tool is being used!
Tool turned ON
Tool is being used!
Tool turned OFF
Tool is being used!
Tool turned ON
Tool is being used!
Tool turned OFF
Tool is being used!
Tool turned ON
Tool is being used!
Tool turned OFF
Tool is being used!
Tool turned ON
Tool is being used!
Tool turned OFF
Tool is being used!
Tool turned ON
Tool is being used!
Tool turned OFF
Tool is being used!
Tool turned ON
Tool is being used!
Tool turned OFF
Tool is being used!
Tool turned ON
Tool is being used!
Tool turned OFF
Tool is being used!
Tool turned ON
Tool is being used!
Tool turned OFF
Tool is being used!
Tool turned ON
Tool is being used!
Tool turned OFF
Tool is being used!
Tool turned ON
Tool is being used!
Tool turned OFF
Tool is being used!
Tool turned ON
Tool is being used!
Tool turned OFF
Tool is being used!
Tool turned ON
Tool is being used!
Tool turned OFF
Tool is being used!
Tool turned ON
Tool is being used!
Tool turned OFF
Tool is being used!
Tool turned ON
Tool is being used!
Tool turned OFF
Tool is being used!
Tool turned ON
Tool is being used!
Tool turned OFF
Tool is being used!
Tool turned ON
Tool is being used!
Tool turned OFF
Tool is being used!
Tool turned ON
Tool is being used!
Tool turned OFF
Tool is being used!
Tool turned ON
Tool is being used!
Tool turned OFF
Tool is being used!
Tool turned ON
Tool is being used!
Tool turned OFF
Tool is being used!
Tool turned ON
Tool is being used!
Tool turned OFF
Tool is being used!
Tool turned ON
Tool is being used!
Tool turned OFF
Tool is being used!
Tool turned ON
Tool is being used!
Tool turned OFF
Tool is being used!
Tool turned ON
Tool is being used!
Tool turned OFF
Tool is being used!
Tool turned ON
Tool is being used!
Tool turned OFF
Tool is being used!
Tool turned ON
Tool is being used!
Tool turned OFF
Tool is being used!
Tool turned ON
Tool is being used!
Tool turned OFF
Tool is being used!
Tool turned ON
Tool is being used!
Tool turned OFF
Tool is being used!
Tool turned ON
Tool is being used!
Tool turned OFF
Tool is being used!
Tool turned ON
Tool is being used!
Tool turned OFF
Tool is being used!
Tool turned ON
Tool is being used!
Tool turned OFF
Tool is being used!
Tool turned ON
Tool is being used!
Tool turned OFF
Tool is being used!
Tool turned ON
Tool is being used!
Tool turned OFF
Tool is being used!
Tool turned ON
Tool is being used!
Tool turned OFF
Tool is being used!
Tool turned ON
Tool is being used!
Tool turned OFF
Tool is being used!
Tool turned ON
Tool is being used!
Tool turned OFF
Tool is being used!
Tool turned ON
Tool is being used!
Tool turned OFF
Tool is being used!
Tool turned ON
Tool is being used!
Tool turned OFF
Tool is being used!
Tool turned ON
Tool is being used!
Tool turned OFF
Tool is being used!
Tool turned ON
Tool is being used!
Tool turned OFF
Tool is being used!
Tool turned ON
Tool is being used!
Tool turned OFF
Tool is being used!
Tool turned ON
Tool is being used!
Tool turned OFF
Tool is being used!
Tool turned ON
Tool is being used!
Tool turned OFF
Tool is being used!
Tool turned ON
Tool is being used!
Tool turned OFF
Tool is being used!
Tool turned ON
Tool is being used!
Tool turned OFF
Tool is being used!
Tool turned ON
Tool is being used!
Tool turned OFF
Tool is being used!
Tool turned ON
Tool is being used!
Tool turned OFF
Tool is being used!
Tool turned ON
Tool is being used!
Tool turned OFF
Tool is being used!
Tool turned ON
Tool is being used!
Tool turned OFF
Tool is being used!
Tool turned ON
Tool is being used!
Tool turned OFF
Tool is being used!
Tool turned ON
Tool is being used!
Tool turned OFF
Tool is being used!
Tool turned ON
Tool is being used!
Tool turned OFF
Tool is being used!
Tool turned ON
Tool is being used!
Tool turned OFF
Tool is being used!
Tool turned ON
Tool is being used!
Tool turned OFF
Tool is being used!
Tool turned ON
Tool is being used!
Tool turned OFF
Tool is being used!
Tool turned ON
Tool is being used!
Tool turned OFF
Tool is being used!
Tool turned ON
Tool is being used!
Tool turned OFF
Tool is being used!
Tool turned ON
Tool is being used!
Tool turned OFF
Tool is being used!
Tool turned ON
Tool is being used!
Tool turned OFF
Tool is being used!
Tool turned ON
Tool is being used!
Tool turned OFF
Tool is being used!
Tool turned ON
Tool is being used!
Tool turned OFF
Tool is being used!
Tool turned ON
Tool is being used!
Tool turned OFF
Tool is being used!
Tool turned ON
Tool is being used!
Tool turned OFF
Tool is being used!
Tool turned ON
Tool is being used!
Tool turned OFF
Tool is being used!
Tool turned ON
Tool is being used!
Tool turned OFF
Tool is being used!
Tool turned ON
Tool is being used!
Tool turned OFF
Tool is being used!
Tool turned ON
Tool is being used!
Tool turned OFF
Tool is being used!
Tool turned ON
Tool is being used!
Tool turned OFF
Tool is being used!
Tool turned ON
Tool is being used!
Tool turned OFF
Tool is being used!
Tool turned ON
Tool is being used!
Tool turned OFF
Tool is being used!
Tool turned ON
Tool is being used!
Tool turned OFF
Tool is being used!
Tool turned ON
Tool is being used!
Tool turned OFF
Tool is being used!
Tool turned ON
Tool is being used!
Tool turned OFF
Tool is being used!
Tool turned ON
Tool is being used!
Tool turned OFF
Tool is being used!
Tool turned ON
Tool is being used!
Tool turned OFF
Tool is being used!
Tool turned ON
Tool is being used!
Tool turned OFF
Tool is being used!
Tool turned ON
Tool is being used!
Tool turned OFF
Tool is being used!
Tool turned ON
Tool is being used!
Tool turned OFF
Tool is being used!
Tool turned ON
Tool is being used!
Tool turned OFF
Tool is being used!
Tool turned ON
Tool is being used!
Tool turned OFF
Tool is being used!
Tool turned ON
Tool is being used!
Tool turned OFF
Tool is being used!
Tool turned ON
Tool is being used!
Tool turned OFF
Tool is being used!
Tool turned ON
Tool is being used!
Tool turned OFF
Tool is being used!
Tool turned ON
Tool is being used!
Tool turned OFF
Tool is being used!
Tool turned ON
Tool is being used!
Tool turned OFF
Tool is being used!
Tool turned ON
Tool is being used!
Tool turned OFF
Tool is being used!
Tool turned ON
Tool is being used!
Tool turned OFF
Tool is being used!
Tool turned ON
Tool is being used!
Tool turned OFF
Tool is being used!
Tool turned ON
Tool is being used!
Tool turned OFF
Tool is being used!
Tool turned ON
Tool is being used!
Tool turned OFF
Tool is being used!
Tool turned ON
Tool is being used!
Tool turned OFF
Tool is being used!
Tool turned ON
Tool is being used!
Tool turned OFF
Tool is being used!
Tool turned ON
Tool is being used!
Tool turned OFF
Tool is being used!
Tool turned ON
Tool is being used!
Tool turned OFF
Tool is being used!
Tool turned ON
Tool is being used!
Tool turned OFF
Tool is being used!
Tool turned ON
Tool is being used!
Tool turned OFF
Tool is being used!
Tool turned ON
Tool is being used!
Tool turned OFF
Tool is being used!
Tool turned ON
Tool is being used!
Tool turned OFF
Tool is being used!
Tool turned ON
Tool is being used!
Tool turned OFF
Tool is being used!
Tool turned ON
Tool is being used!
Tool turned OFF
Tool is being used!
Tool turned ON
Tool is being used!
Tool turned OFF
Tool is being used!
Tool turned ON
Tool is being used!
Tool turned OFF
Tool is being used!
Tool turned ON
Tool is being used!
Tool turned OFF
Tool is being used!
Tool turned ON
Tool is being used!
Tool turned OFF
Tool is being used!
Tool turned ON
Tool is being used!
Tool turned OFF
Tool is being used!
Tool turned ON
Tool is being used!
Tool turned OFF
Tool is being used!
Tool turned ON
Tool is being used!
Tool turned OFF
Tool is being used!
Tool turned ON
Tool is being used!
Tool turned OFF
Tool is being used!
Tool turned ON
Tool is being used!
Tool turned OFF
Tool is being used!
Tool turned ON
Tool is being used!
Tool turned OFF
Tool is being used!
Tool turned ON
Tool is being used!
Tool turned OFF
Tool is being used!
Tool turned ON
Tool is being used!
Tool turned OFF
Tool is being used!
Tool turned ON
Tool is being used!
Tool turned OFF
Tool is being used!
Tool turned ON
Tool is being used!
Tool turned OFF
Tool is being used!
Tool turned ON
Tool is being used!
Tool turned OFF
Tool is being used!
Tool turned ON
Tool is being used!
Tool turned OFF
Tool is being used!
Tool turned ON
Tool is being used!
Tool turned OFF
Tool is being used!
Tool turned ON
Tool is being used!
Tool turned OFF
Tool is being used!
Tool turned ON
Tool is being used!
Tool turned OFF
Tool is being used!
Tool turned ON
Tool is being used!
Tool turned OFF
Tool is being used!
Tool turned ON
Tool is being used!
Tool turned OFF
Tool is being used!
Tool turned ON
Tool is being used!
Tool turned OFF
Tool is being used!
Tool turned ON
Tool is being used!
Tool turned OFF
Tool is being used!
Tool turned ON
Tool is being used!
Tool turned OFF
Tool is being used!
Tool turned ON
Tool is being used!
Tool turned OFF
Tool is being used!
Tool turned ON
Tool is being used!
Tool turned OFF
Tool is being used!
Tool turned ON
Tool is being used!
Tool turned OFF
Tool is being used!
Tool turned ON
Tool is being used!
Tool turned OFF
Tool is being used!
Tool turned ON
Tool is being used!
Tool turned OFF
Tool is being used!
Tool turned ON
Tool is being used!
Tool turned OFF
Tool is being used!
Tool turned ON
Tool is being used!
Tool turned OFF
Tool is being used!
Tool turned ON
Tool is being used!
Tool turned OFF
Tool is being used!
Tool turned ON
Tool is being used!
Tool turned OFF
Tool is being used!
Tool turned ON
Tool is being used!
Tool turned OFF
Tool is being used!
Tool turned ON
Tool is being used!
Tool turned OFF
Tool is being used!
Tool turned ON
Tool is being used!
Tool turned OFF
Tool is being used!
Tool turned ON
Tool is being used!
Tool turned OFF
Tool is being used!
Tool turned ON
Tool is being used!
Tool turned OFF
Tool is being used!
Tool turned ON
Tool is being used!
Tool turned OFF
Tool is being used!
Tool turned ON
Tool is being used!
Tool turned OFF
Tool is being used!
Tool turned ON
Tool is being used!
Tool turned OFF
Tool is being used!
Tool turned ON
Tool is being used!
Tool turned OFF
Tool is being used!
Tool turned ON
Tool is being used!
Tool turned OFF
Tool is being used!
Tool turned ON
Tool is being used!
Tool turned OFF
Tool is being used!
Tool turned ON
Tool is being used!
Tool turned OFF
Tool is being used!
Tool turned ON
Tool is being used!
Tool turned OFF
Tool is being used!
Tool turned ON
Tool is being used!
Tool turned OFF
Tool is being used!
Tool turned ON
Tool is being used!
Tool turned OFF
Tool is being used!
Tool turned ON
Tool is being used!
Tool turned OFF
Tool is being used!
Tool turned ON
Tool is being used!
Tool turned OFF
Tool is being used!
Tool turned ON
Tool is being used!
Tool turned OFF
Tool is being used!
Tool turned ON
Tool is being used!
Tool turned OFF
Tool is being used!
Tool turned ON
Tool is being used!
Tool turned OFF
Tool is being used!
Tool turned ON
Tool is being used!
Tool turned OFF
Tool is being used!
Tool turned ON
Tool is being used!
Tool turned OFF
Tool is being used!
Tool turned ON
Tool is being used!
Tool turned OFF
Tool is being used!
Tool turned ON
Tool is being used!
Tool turned OFF
Tool is being used!
Tool turned ON
Tool is being used!
Tool turned OFF
Tool is being used!
Tool turned ON
Tool is being used!
Tool turned OFF
Tool is being used!
Tool turned ON
Tool is being used!
Tool turned OFF
Tool is being used!
Tool turned ON
Tool is being used!
Tool turned OFF
Tool is being used!
Tool turned ON
Tool is being used!
Tool turned OFF
Tool is being used!
Tool turned ON
Tool is being used!
Tool turned OFF
Tool is being used!
Tool turned ON
Tool is being used!
Tool turned OFF
Tool is being used!
Tool turned ON
Tool is being used!
Tool turned OFF
Tool is being used!
Tool turned ON
Tool is being used!
Tool turned OFF
Tool is being used!
Tool turned ON
Tool is being used!
Tool turned OFF
Tool is being used!
Tool turned ON
Tool is being used!
Tool turned OFF
Tool is being used!
Tool turned ON
Tool is being used!
Tool turned OFF
Tool is being used!
Tool turned ON
Tool is being used!
Tool turned OFF
Tool is being used!
Tool turned ON
Tool is being used!
Tool turned OFF
Tool is being used!
Tool turned ON
Tool is being used!
Tool turned OFF
Tool is being used!
Tool turned ON
Tool is being used!
Tool turned OFF
Tool is being used!
Tool turned ON
Tool is being used!
Tool turned OFF
Tool is being used!
Tool turned ON
Tool is being used!
Tool turned OFF
Tool is being used!
Tool turned ON
Tool is being used!
Tool turned OFF
Tool is being used!
Tool turned ON
Tool is being used!
Tool turned OFF
Tool is being used!
Tool turned ON
Tool is being used!
Tool turned OFF
Tool is being used!
Tool turned ON
Tool is being used!
Tool turned OFF
Tool is being used!
Tool turned ON
Tool is being used!
Tool turned OFF
Tool is being used!
Tool turned ON
Tool is being used!
Tool turned OFF
Tool is being used!
Tool turned ON
Tool is being used!
Tool turned OFF
Tool is being used!
Tool turned ON
Tool is being used!
Tool turned OFF
Tool is being used!
Tool turned ON
Tool is being used!
Tool turned OFF
Tool is being used!
Tool turned ON
Tool is being used!
Tool turned OFF
Tool is being used!
Tool turned ON
Tool is being used!
Tool turned OFF
Tool is being used!
Tool turned ON
Tool is being used!
Tool turned OFF
Tool is being used!
Tool turned ON
Tool is being used!
Tool turned OFF
Tool is being used!
Tool turned ON
Tool is being used!
Tool turned OFF
Tool is being used!
Tool turned ON
Tool is being used!
Tool turned OFF
Tool is being used!
Tool turned ON
Tool is being used!
Tool turned OFF
Tool is being used!
Tool turned ON
Tool is being used!
Tool turned OFF
Tool is being used!
Tool turned ON
Tool is being used!
Tool turned OFF
Tool is being used!
Tool turned ON
Tool is being used!
Tool turned OFF
Tool is being used!
Tool turned ON
Tool is being used!
Tool turned OFF
Tool is being used!
Tool turned ON
Tool is being used!
Tool turned OFF
Tool is being used!
Tool turned ON
Tool is being used!
Tool turned OFF
Tool is being used!
Tool turned ON
Tool is being used!
Tool turned OFF
Tool is being used!
Tool turned ON
Tool is being used!
Tool turned OFF
Tool is being used!
Tool turned ON
Tool is being used!
Tool turned OFF
Tool is being used!
Tool turned ON
Tool is being used!
Tool turned OFF
Tool is being used!
Tool turned ON
Tool is being used!
Tool turned OFF
Tool is being used!
Tool turned ON
Tool is being used!
Tool turned OFF
Tool is being used!
Tool turned ON
Tool is being used!
Tool turned OFF
Tool is being used!
Tool turned ON
Tool is being used!
Tool turned OFF
Tool is being used!
Tool turned ON
Tool is being used!
Tool turned OFF
Tool is being used!
Tool turned ON
Tool is being used!
Tool turned OFF
Tool is being used!
Tool turned ON
Tool is being used!
Tool turned OFF
Tool is being used!
Tool turned ON
Tool is being used!
Tool turned OFF
Tool is being used!
Tool turned ON
Tool is being used!
Tool turned OFF
Tool is being used!
Tool turned ON
Tool is being used!
Tool turned OFF
Tool is being used!
Tool turned ON
Tool is being used!
Tool turned OFF
Tool is being used!
Tool turned ON
Tool is being used!
Tool turned OFF
Tool is being used!
Tool turned ON
Tool is being used!
Tool turned OFF
Tool is being used!
Tool turned ON
Tool is being used!
Tool turned OFF
Tool is being used!
Tool turned ON
Tool is being used!
Tool turned OFF
Tool is being used!
Tool turned ON
Tool is being used!
Tool turned OFF
Tool is being used!
Tool turned ON
Tool is being used!
Tool turned OFF
Tool is being used!
Tool turned ON
Tool is being used!
Tool turned OFF
Tool is being used!
Tool turned ON
Tool is being used!
Tool turned OFF
Tool is being used!
Tool turned ON
Tool is being used!
Tool turned OFF
Tool is being used!
Tool turned ON
Tool is being used!
Tool turned OFF
Tool is being used!
Tool turned ON
Tool is being used!
Tool turned OFF
Tool is being used!
Tool turned ON
Tool is being used!
Tool turned OFF
Tool is being used!
Tool turned ON
Tool is being used!
Tool turned OFF
Tool is being used!
Tool turned ON
Tool is being used!
Tool turned OFF
Tool is being used!
Tool turned ON
Tool is being used!
Tool turned OFF
Tool is being used!
Tool turned ON
Tool is being used!
Tool turned OFF
Tool is being used!
Tool turned ON
Tool is being used!
Tool turned OFF
Tool is being used!
Tool turned ON
Tool is being used!
Tool turned OFF
Tool is being used!
Tool turned ON
Tool is being used!
Tool turned OFF
Tool is being used!
Tool turned ON
Tool is being used!
Tool turned OFF
Tool is being used!
Tool turned ON
Tool is being used!
Tool turned OFF
Tool is being used!
Tool turned ON
Tool is being used!
Tool turned OFF
Tool is being used!
Tool turned ON
Tool is being used!
Tool turned OFF
Tool is being used!
Tool turned ON
Tool is being used!
Tool turned OFF
Tool is being used!
Tool turned ON
Tool is being used!
Tool turned OFF
Tool is being used!
Tool turned ON
Tool is being used!
Tool turned OFF
Tool is being used!
Tool turned ON
Tool is being used!
Tool turned OFF
Tool is being used!
Tool turned ON
Tool is being used!
Tool turned OFF
Tool is being used!
Tool turned ON
Tool is being used!
Tool turned OFF
Tool is being used!
Tool turned ON
Tool is being used!
Tool turned OFF
Tool is being used!
Tool turned ON
Tool is being used!
Tool turned OFF
Tool is being used!
Tool turned ON
Tool is being used!
Tool turned OFF
Tool is being used!
Tool turned ON
Tool is being used!
Tool turned OFF
Tool is being used!
Tool turned ON
Tool is being used!
Tool turned OFF
Tool is being used!
Tool turned ON
Tool is being used!
Tool turned OFF
Tool is being used!
Tool turned ON
Tool is being used!
Tool turned OFF
Tool is being used!
Tool turned ON
Tool is being used!
Tool turned OFF
Tool is being used!
Tool turned ON
Tool is being used!
Tool turned OFF
Tool is being used!
Tool turned ON
Tool is being used!
Tool turned OFF
Tool is being used!
Tool turned ON
Tool is being used!
Tool turned OFF
Tool is being used!
Tool turned ON
Tool is being used!
Tool turned OFF
Saving results to: C:/Users/Jack/AppData/LocalLow/Sandstorm Games/SubTerra\TestResults.xml
]]></output>
        </test-case>
      </test-suite>
    </test-suite>
  </test-suite>
</test-run>