<?xml version="1.0" encoding="utf-8"?>
<test-run id="2" testcasecount="20" result="Failed(Child)" total="20" passed="3" failed="17" inconclusive="0" skipped="0" asserts="0" engine-version="3.5.0.0" clr-version="4.0.30319.42000" start-time="2025-11-15 18:19:57Z" end-time="2025-11-15 18:20:11Z" duration="14.3777797">
  <test-suite type="TestSuite" id="1086" name="SubTerra" fullname="SubTerra" runstate="Runnable" testcasecount="68" result="Failed" site="Child" start-time="2025-11-15 18:19:57Z" end-time="2025-11-15 18:20:11Z" duration="14.377780" total="20" passed="3" failed="17" inconclusive="0" skipped="0" asserts="0">
    <properties>
      <property name="platform" value="PlayMode" />
    </properties>
    <failure>
      <message><![CDATA[One or more child tests had errors]]></message>
    </failure>
    <test-suite type="Assembly" id="1027" name="CW_PlayMode.dll" fullname="C:/Users/Conno/OneDrive/MyProjects/Echos Of Subterra/RepoFolder/SubTerra/Library/ScriptAssemblies/CW_PlayMode.dll" runstate="Runnable" testcasecount="20" result="Failed" site="Child" start-time="2025-11-15 18:19:57Z" end-time="2025-11-15 18:20:11Z" duration="14.350363" total="20" passed="3" failed="17" inconclusive="0" skipped="0" asserts="0">
      <properties>
        <property name="_PID" value="21304" />
        <property name="_APPDOMAIN" value="Unity Child Domain" />
        <property name="platform" value="PlayMode" />
        <property name="EditorOnly" value="False" />
      </properties>
      <failure>
        <message><![CDATA[One or more child tests had errors]]></message>
      </failure>
      <test-suite type="TestFixture" id="1006" name="Testing" fullname="Testing" classname="Testing" runstate="Runnable" testcasecount="20" result="Failed" site="Child" start-time="2025-11-15 18:19:57Z" end-time="2025-11-15 18:20:11Z" duration="14.342367" total="20" passed="3" failed="17" inconclusive="0" skipped="0" asserts="0">
        <properties />
        <failure>
          <message><![CDATA[One or more child tests had errors]]></message>
        </failure>
        <test-case id="1022" name="Animator_FlipXWhenMovingLeft" fullname="Testing.Animator_FlipXWhenMovingLeft" methodname="Animator_FlipXWhenMovingLeft" classname="Testing" runstate="Runnable" seed="2075418350" result="Failed" start-time="2025-11-15 18:19:57Z" end-time="2025-11-15 18:19:58Z" duration="1.157173" asserts="0">
          <properties>
            <property name="_JOINTYPE" value="UnityCombinatorial" />
            <property name="retryIteration" value="0" />
            <property name="repeatIteration" value="0" />
          </properties>
          <failure>
            <message><![CDATA[SetUp : Unhandled log message: '[Error] Player not found! Ensure Player has 'Player' tag and PlayerController script.'. Use UnityEngine.TestTools.LogAssert.Expect]]></message>
            <stack-trace><![CDATA[skeletonEnemy:Start () (at Assets/src/ArjunRai/Scripts/skeletonEnemy.cs:12)

]]></stack-trace>
          </failure>
          <output><![CDATA[Player not found! Ensure Player has 'Player' tag and PlayerController script.
Player not found! Ensure Player has 'Player' tag and PlayerController script.
instance == Arjun (the Explorer) V7(Clone)
Spawned relic: Relic V3(Clone)
No viewer detected. Attempting to find camera object
INFORMATION: Added TestingObj0 to inventory at slot 0
INFORMATION: Added TestingObj1 to inventory at slot 1
INFORMATION: Added TestingObj2 to inventory at slot 2
INFORMATION: Added TestingObj3 to inventory at slot 3
]]></output>
        </test-case>
        <test-case id="1019" name="Drop_RemovesItemAndSpawnsHandler" fullname="Testing.Drop_RemovesItemAndSpawnsHandler" methodname="Drop_RemovesItemAndSpawnsHandler" classname="Testing" runstate="Runnable" seed="1184378908" result="Failed" start-time="2025-11-15 18:19:58Z" end-time="2025-11-15 18:19:59Z" duration="0.601224" asserts="0">
          <properties>
            <property name="_JOINTYPE" value="UnityCombinatorial" />
            <property name="retryIteration" value="0" />
            <property name="repeatIteration" value="0" />
          </properties>
          <failure>
            <message><![CDATA[SetUp : Expected log did not appear: [Error] Player not found! Ensure Player has 'Player' tag and PlayerController script.]]></message>
          </failure>
          <output><![CDATA[instance == Arjun (the Explorer) V7(Clone)
Spawned relic: Relic V3(Clone)
No viewer detected. Attempting to find camera object
INFORMATION: Added TestingObj0 to inventory at slot 0
INFORMATION: Added TestingObj1 to inventory at slot 1
INFORMATION: Added TestingObj2 to inventory at slot 2
INFORMATION: Added TestingObj3 to inventory at slot 3
]]></output>
        </test-case>
        <test-case id="1026" name="Edge_SingletonEnforcesOneInstance" fullname="Testing.Edge_SingletonEnforcesOneInstance" methodname="Edge_SingletonEnforcesOneInstance" classname="Testing" runstate="Runnable" seed="112850231" result="Failed" start-time="2025-11-15 18:19:59Z" end-time="2025-11-15 18:19:59Z" duration="0.604936" asserts="0">
          <properties>
            <property name="_JOINTYPE" value="UnityCombinatorial" />
            <property name="retryIteration" value="0" />
            <property name="repeatIteration" value="0" />
          </properties>
          <failure>
            <message><![CDATA[SetUp : Expected log did not appear: [Error] Player not found! Ensure Player has 'Player' tag and PlayerController script.]]></message>
          </failure>
          <output><![CDATA[instance == Arjun (the Explorer) V7(Clone)
Spawned relic: Relic V3(Clone)
No viewer detected. Attempting to find camera object
INFORMATION: Added TestingObj0 to inventory at slot 0
INFORMATION: Added TestingObj1 to inventory at slot 1
INFORMATION: Added TestingObj2 to inventory at slot 2
INFORMATION: Added TestingObj3 to inventory at slot 3
]]></output>
        </test-case>
        <test-case id="1012" name="Health_BoundaryHealthTests" fullname="Testing.Health_BoundaryHealthTests" methodname="Health_BoundaryHealthTests" classname="Testing" runstate="Runnable" seed="1821507569" result="Passed" start-time="2025-11-15 18:19:59Z" end-time="2025-11-15 18:20:00Z" duration="0.660533" asserts="0">
          <properties>
            <property name="_JOINTYPE" value="UnityCombinatorial" />
            <property name="retryIteration" value="0" />
            <property name="repeatIteration" value="0" />
          </properties>
          <output><![CDATA[Player not found! Ensure Player has 'Player' tag and PlayerController script.
instance == Arjun (the Explorer) V7(Clone)
Spawned relic: Relic V3(Clone)
No viewer detected. Attempting to find camera object
INFORMATION: Added TestingObj0 to inventory at slot 0
INFORMATION: Added TestingObj1 to inventory at slot 1
INFORMATION: Added TestingObj2 to inventory at slot 2
INFORMATION: Added TestingObj3 to inventory at slot 3
PlayerController: ChangeHealth -> amount == -9365
& -> _health == 100
PlayerController: ChangeHealth -> amount == 6757
& -> _health == 0
PlayerController: ChangeHealth -> amount == -1470
& -> _health == 255
PlayerController: ChangeHealth -> amount == -2727
& -> _health == 0
PlayerController: ChangeHealth -> amount == 2263
& -> _health == 0
PlayerController: ChangeHealth -> amount == -1253
& -> _health == 255
PlayerController: ChangeHealth -> amount == -7738
& -> _health == 0
PlayerController: ChangeHealth -> amount == -410
& -> _health == 0
PlayerController: ChangeHealth -> amount == 8448
& -> _health == 0
PlayerController: ChangeHealth -> amount == 2161
& -> _health == 255
PlayerController: ChangeHealth -> amount == 1764
& -> _health == 255
PlayerController: ChangeHealth -> amount == 8374
& -> _health == 255
PlayerController: ChangeHealth -> amount == 2808
& -> _health == 255
PlayerController: ChangeHealth -> amount == -4301
& -> _health == 255
PlayerController: ChangeHealth -> amount == -6239
& -> _health == 0
PlayerController: ChangeHealth -> amount == -6642
& -> _health == 0
PlayerController: ChangeHealth -> amount == -1067
& -> _health == 0
PlayerController: ChangeHealth -> amount == -5935
& -> _health == 0
PlayerController: ChangeHealth -> amount == -7190
& -> _health == 0
PlayerController: ChangeHealth -> amount == 3232
& -> _health == 0
PlayerController: ChangeHealth -> amount == -778
& -> _health == 255
PlayerController: ChangeHealth -> amount == 2764
& -> _health == 0
PlayerController: ChangeHealth -> amount == -5351
& -> _health == 255
PlayerController: ChangeHealth -> amount == -6407
& -> _health == 0
PlayerController: ChangeHealth -> amount == 8583
& -> _health == 0
PlayerController: ChangeHealth -> amount == -5185
& -> _health == 255
PlayerController: ChangeHealth -> amount == -6147
& -> _health == 0
PlayerController: ChangeHealth -> amount == 5836
& -> _health == 0
PlayerController: ChangeHealth -> amount == -5071
& -> _health == 255
PlayerController: ChangeHealth -> amount == 919
& -> _health == 0
PlayerController: ChangeHealth -> amount == 5838
& -> _health == 255
PlayerController: ChangeHealth -> amount == 3209
& -> _health == 255
PlayerController: ChangeHealth -> amount == -9460
& -> _health == 255
PlayerController: ChangeHealth -> amount == -2368
& -> _health == 0
PlayerController: ChangeHealth -> amount == 7547
& -> _health == 0
PlayerController: ChangeHealth -> amount == 1833
& -> _health == 255
PlayerController: ChangeHealth -> amount == -5421
& -> _health == 255
PlayerController: ChangeHealth -> amount == -8615
& -> _health == 0
PlayerController: ChangeHealth -> amount == -5859
& -> _health == 0
PlayerController: ChangeHealth -> amount == -3827
& -> _health == 0
PlayerController: ChangeHealth -> amount == 8660
& -> _health == 0
PlayerController: ChangeHealth -> amount == -1149
& -> _health == 255
PlayerController: ChangeHealth -> amount == 4343
& -> _health == 0
PlayerController: ChangeHealth -> amount == 353
& -> _health == 255
PlayerController: ChangeHealth -> amount == 2696
& -> _health == 255
PlayerController: ChangeHealth -> amount == -4243
& -> _health == 255
PlayerController: ChangeHealth -> amount == -2204
& -> _health == 0
PlayerController: ChangeHealth -> amount == -5068
& -> _health == 0
PlayerController: ChangeHealth -> amount == -8141
& -> _health == 0
PlayerController: ChangeHealth -> amount == -4684
& -> _health == 0
PlayerController: ChangeHealth -> amount == 3805
& -> _health == 0
PlayerController: ChangeHealth -> amount == -5104
& -> _health == 255
PlayerController: ChangeHealth -> amount == -5678
& -> _health == 0
PlayerController: ChangeHealth -> amount == -7773
& -> _health == 0
PlayerController: ChangeHealth -> amount == 7478
& -> _health == 0
PlayerController: ChangeHealth -> amount == -2034
& -> _health == 255
PlayerController: ChangeHealth -> amount == -7093
& -> _health == 0
PlayerController: ChangeHealth -> amount == 4205
& -> _health == 0
PlayerController: ChangeHealth -> amount == 658
& -> _health == 255
PlayerController: ChangeHealth -> amount == -6044
& -> _health == 255
PlayerController: ChangeHealth -> amount == -2046
& -> _health == 0
PlayerController: ChangeHealth -> amount == -2832
& -> _health == 0
PlayerController: ChangeHealth -> amount == -6513
& -> _health == 0
PlayerController: ChangeHealth -> amount == 8600
& -> _health == 0
PlayerController: ChangeHealth -> amount == -5944
& -> _health == 255
PlayerController: ChangeHealth -> amount == 9035
& -> _health == 0
PlayerController: ChangeHealth -> amount == 2525
& -> _health == 255
PlayerController: ChangeHealth -> amount == 4399
& -> _health == 255
PlayerController: ChangeHealth -> amount == 487
& -> _health == 255
PlayerController: ChangeHealth -> amount == -7011
& -> _health == 255
PlayerController: ChangeHealth -> amount == -1133
& -> _health == 0
PlayerController: ChangeHealth -> amount == -1590
& -> _health == 0
PlayerController: ChangeHealth -> amount == 4067
& -> _health == 0
PlayerController: ChangeHealth -> amount == 7334
& -> _health == 255
PlayerController: ChangeHealth -> amount == -2516
& -> _health == 255
PlayerController: ChangeHealth -> amount == -1082
& -> _health == 0
PlayerController: ChangeHealth -> amount == 6418
& -> _health == 0
PlayerController: ChangeHealth -> amount == 8771
& -> _health == 255
PlayerController: ChangeHealth -> amount == 2283
& -> _health == 255
PlayerController: ChangeHealth -> amount == 3313
& -> _health == 255
PlayerController: ChangeHealth -> amount == -582
& -> _health == 255
PlayerController: ChangeHealth -> amount == 8652
& -> _health == 0
PlayerController: ChangeHealth -> amount == 4978
& -> _health == 255
PlayerController: ChangeHealth -> amount == -379
& -> _health == 255
PlayerController: ChangeHealth -> amount == -144
& -> _health == 0
PlayerController: ChangeHealth -> amount == 6292
& -> _health == 0
PlayerController: ChangeHealth -> amount == 1540
& -> _health == 255
PlayerController: ChangeHealth -> amount == 6384
& -> _health == 255
PlayerController: ChangeHealth -> amount == 7178
& -> _health == 255
PlayerController: ChangeHealth -> amount == -1950
& -> _health == 255
PlayerController: ChangeHealth -> amount == 8975
& -> _health == 0
PlayerController: ChangeHealth -> amount == 7275
& -> _health == 255
PlayerController: ChangeHealth -> amount == 5709
& -> _health == 255
PlayerController: ChangeHealth -> amount == -4211
& -> _health == 255
PlayerController: ChangeHealth -> amount == 3307
& -> _health == 0
PlayerController: ChangeHealth -> amount == -823
& -> _health == 255
PlayerController: ChangeHealth -> amount == -6210
& -> _health == 0
PlayerController: ChangeHealth -> amount == -7599
& -> _health == 0
PlayerController: ChangeHealth -> amount == -9494
& -> _health == 0
PlayerController: ChangeHealth -> amount == -3852
& -> _health == 0
]]></output>
        </test-case>
        <test-case id="1013" name="Health_GetHealthReturnsCurrentValue" fullname="Testing.Health_GetHealthReturnsCurrentValue" methodname="Health_GetHealthReturnsCurrentValue" classname="Testing" runstate="Runnable" seed="519640566" result="Failed" start-time="2025-11-15 18:20:00Z" end-time="2025-11-15 18:20:03Z" duration="2.406418" asserts="0">
          <properties>
            <property name="_JOINTYPE" value="UnityCombinatorial" />
            <property name="retryIteration" value="0" />
            <property name="repeatIteration" value="0" />
          </properties>
          <failure>
            <message><![CDATA[  Public getHealth must reflect internal value
  Expected: 42
  But was:  0
]]></message>
            <stack-trace><![CDATA[at Testing+<Health_GetHealthReturnsCurrentValue>d__11.MoveNext () [0x00052] in C:\Users\Conno\OneDrive\MyProjects\Echos Of Subterra\RepoFolder\SubTerra\Assets\test\ConnorWolfe\CW_PlayMode\Testing.cs:239
at UnityEngine.TestTools.TestEnumerator+<Execute>d__7.MoveNext () [0x0003a] in .\Library\PackageCache\com.unity.test-framework@a6f5be5f149c\UnityEngine.TestRunner\NUnitExtensions\Attributes\TestEnumerator.cs:44
]]></stack-trace>
          </failure>
          <output><![CDATA[Player not found! Ensure Player has 'Player' tag and PlayerController script.
instance == Arjun (the Explorer) V7(Clone)
Spawned relic: Relic V3(Clone)
No viewer detected. Attempting to find camera object
INFORMATION: Added TestingObj0 to inventory at slot 0
INFORMATION: Added TestingObj1 to inventory at slot 1
INFORMATION: Added TestingObj2 to inventory at slot 2
INFORMATION: Added TestingObj3 to inventory at slot 3
PlayerController: ChangeHealth -> amount == 42
& -> _health == 0
Player health changed by 42. Previous: 0, Current: 0
]]></output>
        </test-case>
        <test-case id="1010" name="Inventory_BoundaryInventoryBounds" fullname="Testing.Inventory_BoundaryInventoryBounds" methodname="Inventory_BoundaryInventoryBounds" classname="Testing" runstate="Runnable" seed="1864097537" result="Failed" start-time="2025-11-15 18:20:03Z" end-time="2025-11-15 18:20:03Z" duration="0.577237" asserts="0">
          <properties>
            <property name="_JOINTYPE" value="UnityCombinatorial" />
            <property name="retryIteration" value="0" />
            <property name="repeatIteration" value="0" />
          </properties>
          <failure>
            <message><![CDATA[SetUp : Unhandled log message: '[Error] Player not found! Ensure Player has 'Player' tag and PlayerController script.'. Use UnityEngine.TestTools.LogAssert.Expect]]></message>
            <stack-trace><![CDATA[skeletonEnemy:Start () (at Assets/src/ArjunRai/Scripts/skeletonEnemy.cs:12)

]]></stack-trace>
          </failure>
          <output><![CDATA[Player not found! Ensure Player has 'Player' tag and PlayerController script.
Player not found! Ensure Player has 'Player' tag and PlayerController script.
instance == Arjun (the Explorer) V7(Clone)
Spawned relic: Relic V3(Clone)
No viewer detected. Attempting to find camera object
INFORMATION: Added TestingObj0 to inventory at slot 0
INFORMATION: Added TestingObj1 to inventory at slot 1
INFORMATION: Added TestingObj2 to inventory at slot 2
INFORMATION: Added TestingObj3 to inventory at slot 3
]]></output>
        </test-case>
        <test-case id="1009" name="Inventory_GetItemNeverReturnsDestroyed" fullname="Testing.Inventory_GetItemNeverReturnsDestroyed" methodname="Inventory_GetItemNeverReturnsDestroyed" classname="Testing" runstate="Runnable" seed="226843498" result="Failed" start-time="2025-11-15 18:20:03Z" end-time="2025-11-15 18:20:04Z" duration="0.600389" asserts="0">
          <properties>
            <property name="_JOINTYPE" value="UnityCombinatorial" />
            <property name="retryIteration" value="0" />
            <property name="repeatIteration" value="0" />
          </properties>
          <failure>
            <message><![CDATA[SetUp : Expected log did not appear: [Error] Player not found! Ensure Player has 'Player' tag and PlayerController script.]]></message>
          </failure>
          <output><![CDATA[instance == Arjun (the Explorer) V7(Clone)
Spawned relic: Relic V3(Clone)
No viewer detected. Attempting to find camera object
INFORMATION: Added TestingObj0 to inventory at slot 0
INFORMATION: Added TestingObj1 to inventory at slot 1
INFORMATION: Added TestingObj2 to inventory at slot 2
INFORMATION: Added TestingObj3 to inventory at slot 3
]]></output>
        </test-case>
        <test-case id="1007" name="Inventory_InitialSlotIsZero" fullname="Testing.Inventory_InitialSlotIsZero" methodname="Inventory_InitialSlotIsZero" classname="Testing" runstate="Runnable" seed="458760911" result="Failed" start-time="2025-11-15 18:20:04Z" end-time="2025-11-15 18:20:04Z" duration="0.587235" asserts="0">
          <properties>
            <property name="_JOINTYPE" value="UnityCombinatorial" />
            <property name="retryIteration" value="0" />
            <property name="repeatIteration" value="0" />
          </properties>
          <failure>
            <message><![CDATA[SetUp : Unhandled log message: '[Error] Player not found! Ensure Player has 'Player' tag and PlayerController script.'. Use UnityEngine.TestTools.LogAssert.Expect]]></message>
            <stack-trace><![CDATA[skeletonEnemy:Start () (at Assets/src/ArjunRai/Scripts/skeletonEnemy.cs:12)

]]></stack-trace>
          </failure>
          <output><![CDATA[Player not found! Ensure Player has 'Player' tag and PlayerController script.
Player not found! Ensure Player has 'Player' tag and PlayerController script.
instance == Arjun (the Explorer) V7(Clone)
Spawned relic: Relic V3(Clone)
No viewer detected. Attempting to find camera object
INFORMATION: Added TestingObj0 to inventory at slot 0
INFORMATION: Added TestingObj1 to inventory at slot 1
INFORMATION: Added TestingObj2 to inventory at slot 2
INFORMATION: Added TestingObj3 to inventory at slot 3
]]></output>
        </test-case>
        <test-case id="1011" name="Inventory_StressLoading" fullname="Testing.Inventory_StressLoading" methodname="Inventory_StressLoading" classname="Testing" runstate="Runnable" seed="988141179" result="Failed" start-time="2025-11-15 18:20:04Z" end-time="2025-11-15 18:20:05Z" duration="0.584520" asserts="0">
          <properties>
            <property name="_JOINTYPE" value="UnityCombinatorial" />
            <property name="retryIteration" value="0" />
            <property name="repeatIteration" value="0" />
          </properties>
          <failure>
            <message><![CDATA[SetUp : Expected log did not appear: [Error] Player not found! Ensure Player has 'Player' tag and PlayerController script.]]></message>
          </failure>
          <output><![CDATA[instance == Arjun (the Explorer) V7(Clone)
Spawned relic: Relic V3(Clone)
No viewer detected. Attempting to find camera object
INFORMATION: Added TestingObj0 to inventory at slot 0
INFORMATION: Added TestingObj1 to inventory at slot 1
INFORMATION: Added TestingObj2 to inventory at slot 2
INFORMATION: Added TestingObj3 to inventory at slot 3
]]></output>
        </test-case>
        <test-case id="1008" name="Inventory_TabWrapsAround" fullname="Testing.Inventory_TabWrapsAround" methodname="Inventory_TabWrapsAround" classname="Testing" runstate="Runnable" seed="444133965" result="Passed" start-time="2025-11-15 18:20:05Z" end-time="2025-11-15 18:20:06Z" duration="0.616138" asserts="0">
          <properties>
            <property name="_JOINTYPE" value="UnityCombinatorial" />
            <property name="retryIteration" value="0" />
            <property name="repeatIteration" value="0" />
          </properties>
          <output><![CDATA[Player not found! Ensure Player has 'Player' tag and PlayerController script.
instance == Arjun (the Explorer) V7(Clone)
Spawned relic: Relic V3(Clone)
No viewer detected. Attempting to find camera object
INFORMATION: Added TestingObj0 to inventory at slot 0
INFORMATION: Added TestingObj1 to inventory at slot 1
INFORMATION: Added TestingObj2 to inventory at slot 2
INFORMATION: Added TestingObj3 to inventory at slot 3
]]></output>
        </test-case>
        <test-case id="1025" name="ItemFactory_HandlesNull" fullname="Testing.ItemFactory_HandlesNull" methodname="ItemFactory_HandlesNull" classname="Testing" runstate="Runnable" seed="789278461" result="Failed" start-time="2025-11-15 18:20:06Z" end-time="2025-11-15 18:20:06Z" duration="0.581698" asserts="0">
          <properties>
            <property name="_JOINTYPE" value="UnityCombinatorial" />
            <property name="retryIteration" value="0" />
            <property name="repeatIteration" value="0" />
          </properties>
          <failure>
            <message><![CDATA[SetUp : Expected log did not appear: [Error] Player not found! Ensure Player has 'Player' tag and PlayerController script.]]></message>
          </failure>
          <output><![CDATA[instance == Arjun (the Explorer) V7(Clone)
Spawned relic: Relic V3(Clone)
No viewer detected. Attempting to find camera object
INFORMATION: Added TestingObj0 to inventory at slot 0
INFORMATION: Added TestingObj1 to inventory at slot 1
INFORMATION: Added TestingObj2 to inventory at slot 2
INFORMATION: Added TestingObj3 to inventory at slot 3
]]></output>
        </test-case>
        <test-case id="1016" name="Movement_HorizontalInputChangesVelocity" fullname="Testing.Movement_HorizontalInputChangesVelocity" methodname="Movement_HorizontalInputChangesVelocity" classname="Testing" runstate="Runnable" seed="2021879144" result="Failed" start-time="2025-11-15 18:20:06Z" end-time="2025-11-15 18:20:07Z" duration="0.617173" asserts="0">
          <properties>
            <property name="_JOINTYPE" value="UnityCombinatorial" />
            <property name="retryIteration" value="0" />
            <property name="repeatIteration" value="0" />
          </properties>
          <failure>
            <message><![CDATA[  Right input must produce positive X velocity
  Expected: greater than 0.0f
  But was:  0.0f
]]></message>
            <stack-trace><![CDATA[at Testing+<Movement_HorizontalInputChangesVelocity>d__14.MoveNext () [0x0007a] in C:\Users\Conno\OneDrive\MyProjects\Echos Of Subterra\RepoFolder\SubTerra\Assets\test\ConnorWolfe\CW_PlayMode\Testing.cs:282
at UnityEngine.TestTools.TestEnumerator+<Execute>d__7.MoveNext () [0x0003a] in .\Library\PackageCache\com.unity.test-framework@a6f5be5f149c\UnityEngine.TestRunner\NUnitExtensions\Attributes\TestEnumerator.cs:44
]]></stack-trace>
          </failure>
          <output><![CDATA[Player not found! Ensure Player has 'Player' tag and PlayerController script.
instance == Arjun (the Explorer) V7(Clone)
Spawned relic: Relic V3(Clone)
No viewer detected. Attempting to find camera object
INFORMATION: Added TestingObj0 to inventory at slot 0
INFORMATION: Added TestingObj1 to inventory at slot 1
INFORMATION: Added TestingObj2 to inventory at slot 2
INFORMATION: Added TestingObj3 to inventory at slot 3
]]></output>
        </test-case>
        <test-case id="1017" name="Movement_JumpOnlyWhenOnGround" fullname="Testing.Movement_JumpOnlyWhenOnGround" methodname="Movement_JumpOnlyWhenOnGround" classname="Testing" runstate="Runnable" seed="1268259995" result="Failed" start-time="2025-11-15 18:20:07Z" end-time="2025-11-15 18:20:07Z" duration="0.566603" asserts="0">
          <properties>
            <property name="_JOINTYPE" value="UnityCombinatorial" />
            <property name="retryIteration" value="0" />
            <property name="repeatIteration" value="0" />
          </properties>
          <failure>
            <message><![CDATA[SetUp : Unhandled log message: '[Error] Player not found! Ensure Player has 'Player' tag and PlayerController script.'. Use UnityEngine.TestTools.LogAssert.Expect]]></message>
            <stack-trace><![CDATA[Hazard:Start () (at Assets/src/ArjunRai/Scripts/stoneEnemy.cs:25)

]]></stack-trace>
          </failure>
          <output><![CDATA[Player not found! Ensure Player has 'Player' tag and PlayerController script.
Player not found! Ensure Player has 'Player' tag and PlayerController script.
instance == Arjun (the Explorer) V7(Clone)
Spawned relic: Relic 2 V4(Clone)
No viewer detected. Attempting to find camera object
INFORMATION: Added TestingObj0 to inventory at slot 0
INFORMATION: Added TestingObj1 to inventory at slot 1
INFORMATION: Added TestingObj2 to inventory at slot 2
INFORMATION: Added TestingObj3 to inventory at slot 3
]]></output>
        </test-case>
        <test-case id="1021" name="Pause_StopsMovement" fullname="Testing.Pause_StopsMovement" methodname="Pause_StopsMovement" classname="Testing" runstate="Runnable" seed="1523629223" result="Failed" start-time="2025-11-15 18:20:07Z" end-time="2025-11-15 18:20:08Z" duration="0.582295" asserts="0">
          <properties>
            <property name="_JOINTYPE" value="UnityCombinatorial" />
            <property name="retryIteration" value="0" />
            <property name="repeatIteration" value="0" />
          </properties>
          <failure>
            <message><![CDATA[SetUp : Unhandled log message: '[Error] Player not found! Ensure Player has 'Player' tag and PlayerController script.'. Use UnityEngine.TestTools.LogAssert.Expect]]></message>
            <stack-trace><![CDATA[Hazard:Start () (at Assets/src/ArjunRai/Scripts/stoneEnemy.cs:25)

]]></stack-trace>
          </failure>
          <output><![CDATA[Player not found! Ensure Player has 'Player' tag and PlayerController script.
Player not found! Ensure Player has 'Player' tag and PlayerController script.
instance == Arjun (the Explorer) V7(Clone)
Spawned relic: Relic V3(Clone)
No viewer detected. Attempting to find camera object
INFORMATION: Added TestingObj0 to inventory at slot 0
INFORMATION: Added TestingObj1 to inventory at slot 1
INFORMATION: Added TestingObj2 to inventory at slot 2
INFORMATION: Added TestingObj3 to inventory at slot 3
]]></output>
        </test-case>
        <test-case id="1018" name="Pickup_AddsItemToNextEmptySlot" fullname="Testing.Pickup_AddsItemToNextEmptySlot" methodname="Pickup_AddsItemToNextEmptySlot" classname="Testing" runstate="Runnable" seed="1258950569" result="Failed" start-time="2025-11-15 18:20:08Z" end-time="2025-11-15 18:20:09Z" duration="0.622969" asserts="0">
          <properties>
            <property name="_JOINTYPE" value="UnityCombinatorial" />
            <property name="retryIteration" value="0" />
            <property name="repeatIteration" value="0" />
          </properties>
          <failure>
            <message><![CDATA[SetUp : Unhandled log message: '[Error] Player not found! Ensure Player has 'Player' tag and PlayerController script.'. Use UnityEngine.TestTools.LogAssert.Expect]]></message>
            <stack-trace><![CDATA[Hazard:Start () (at Assets/src/ArjunRai/Scripts/stoneEnemy.cs:25)

]]></stack-trace>
          </failure>
          <output><![CDATA[Player not found! Ensure Player has 'Player' tag and PlayerController script.
Player not found! Ensure Player has 'Player' tag and PlayerController script.
instance == Arjun (the Explorer) V7(Clone)
Spawned relic: Relic V3(Clone)
No viewer detected. Attempting to find camera object
INFORMATION: Added TestingObj0 to inventory at slot 0
INFORMATION: Added TestingObj1 to inventory at slot 1
INFORMATION: Added TestingObj2 to inventory at slot 2
INFORMATION: Added TestingObj3 to inventory at slot 3
]]></output>
        </test-case>
        <test-case id="1014" name="Score_ChangeScoreClampsToUIntRange" fullname="Testing.Score_ChangeScoreClampsToUIntRange" methodname="Score_ChangeScoreClampsToUIntRange" classname="Testing" runstate="Runnable" seed="1215828112" result="Failed" start-time="2025-11-15 18:20:09Z" end-time="2025-11-15 18:20:09Z" duration="0.597098" asserts="0">
          <properties>
            <property name="_JOINTYPE" value="UnityCombinatorial" />
            <property name="retryIteration" value="0" />
            <property name="repeatIteration" value="0" />
          </properties>
          <failure>
            <message><![CDATA[  Score must clamp to uint.MaxValue
  Expected: 4294967295
  But was:  2147483647
]]></message>
            <stack-trace><![CDATA[at Testing+<Score_ChangeScoreClampsToUIntRange>d__12.MoveNext () [0x00031] in C:\Users\Conno\OneDrive\MyProjects\Echos Of Subterra\RepoFolder\SubTerra\Assets\test\ConnorWolfe\CW_PlayMode\Testing.cs:248
at UnityEngine.TestTools.TestEnumerator+<Execute>d__7.MoveNext () [0x0003a] in .\Library\PackageCache\com.unity.test-framework@a6f5be5f149c\UnityEngine.TestRunner\NUnitExtensions\Attributes\TestEnumerator.cs:44
]]></stack-trace>
          </failure>
          <output><![CDATA[Player not found! Ensure Player has 'Player' tag and PlayerController script.
instance == Arjun (the Explorer) V7(Clone)
Spawned relic: Relic V3(Clone)
No viewer detected. Attempting to find camera object
INFORMATION: Added TestingObj0 to inventory at slot 0
INFORMATION: Added TestingObj1 to inventory at slot 1
INFORMATION: Added TestingObj2 to inventory at slot 2
INFORMATION: Added TestingObj3 to inventory at slot 3
]]></output>
        </test-case>
        <test-case id="1015" name="Score_GetScoreMatchesInternal" fullname="Testing.Score_GetScoreMatchesInternal" methodname="Score_GetScoreMatchesInternal" classname="Testing" runstate="Runnable" seed="1304821282" result="Failed" start-time="2025-11-15 18:20:09Z" end-time="2025-11-15 18:20:10Z" duration="0.545880" asserts="0">
          <properties>
            <property name="_JOINTYPE" value="UnityCombinatorial" />
            <property name="retryIteration" value="0" />
            <property name="repeatIteration" value="0" />
          </properties>
          <failure>
            <message><![CDATA[SetUp : Unhandled log message: '[Error] Player not found! Ensure Player has 'Player' tag and PlayerController script.'. Use UnityEngine.TestTools.LogAssert.Expect]]></message>
            <stack-trace><![CDATA[Hazard:Start () (at Assets/src/ArjunRai/Scripts/stoneEnemy.cs:25)

]]></stack-trace>
          </failure>
          <output><![CDATA[Player not found! Ensure Player has 'Player' tag and PlayerController script.
Player not found! Ensure Player has 'Player' tag and PlayerController script.
instance == Arjun (the Explorer) V7(Clone)
Spawned relic: Relic V3(Clone)
No viewer detected. Attempting to find camera object
INFORMATION: Added TestingObj0 to inventory at slot 0
INFORMATION: Added TestingObj1 to inventory at slot 1
INFORMATION: Added TestingObj2 to inventory at slot 2
INFORMATION: Added TestingObj3 to inventory at slot 3
]]></output>
        </test-case>
        <test-case id="1024" name="StaminaWheel_ExhaustionDisablesGreenWheel" fullname="Testing.StaminaWheel_ExhaustionDisablesGreenWheel" methodname="StaminaWheel_ExhaustionDisablesGreenWheel" classname="Testing" runstate="Runnable" seed="1260311615" result="Failed" start-time="2025-11-15 18:20:10Z" end-time="2025-11-15 18:20:10Z" duration="0.605677" asserts="0">
          <properties>
            <property name="_JOINTYPE" value="UnityCombinatorial" />
            <property name="retryIteration" value="0" />
            <property name="repeatIteration" value="0" />
          </properties>
          <failure>
            <message><![CDATA[SetUp : Unhandled log message: '[Error] Player not found! Ensure Player has 'Player' tag and PlayerController script.'. Use UnityEngine.TestTools.LogAssert.Expect]]></message>
            <stack-trace><![CDATA[skeletonEnemy:Start () (at Assets/src/ArjunRai/Scripts/skeletonEnemy.cs:12)

]]></stack-trace>
          </failure>
          <output><![CDATA[Player not found! Ensure Player has 'Player' tag and PlayerController script.
Player not found! Ensure Player has 'Player' tag and PlayerController script.
instance == Arjun (the Explorer) V7(Clone)
Spawned relic: Relic V3(Clone)
No viewer detected. Attempting to find camera object
INFORMATION: Added TestingObj0 to inventory at slot 0
INFORMATION: Added TestingObj1 to inventory at slot 1
INFORMATION: Added TestingObj2 to inventory at slot 2
INFORMATION: Added TestingObj3 to inventory at slot 3
]]></output>
        </test-case>
        <test-case id="1023" name="StaminaWheel_InitializesAtMax" fullname="Testing.StaminaWheel_InitializesAtMax" methodname="StaminaWheel_InitializesAtMax" classname="Testing" runstate="Runnable" seed="165741055" result="Passed" start-time="2025-11-15 18:20:10Z" end-time="2025-11-15 18:20:11Z" duration="0.576694" asserts="0">
          <properties>
            <property name="_JOINTYPE" value="UnityCombinatorial" />
            <property name="retryIteration" value="0" />
            <property name="repeatIteration" value="0" />
          </properties>
          <output><![CDATA[Player not found! Ensure Player has 'Player' tag and PlayerController script.
instance == Arjun (the Explorer) V7(Clone)
Spawned relic: Relic V3(Clone)
No viewer detected. Attempting to find camera object
INFORMATION: Added TestingObj0 to inventory at slot 0
INFORMATION: Added TestingObj1 to inventory at slot 1
INFORMATION: Added TestingObj2 to inventory at slot 2
INFORMATION: Added TestingObj3 to inventory at slot 3
]]></output>
        </test-case>
        <test-case id="1020" name="Victory_MultipliesScoreByInventoryCountPlusOne" fullname="Testing.Victory_MultipliesScoreByInventoryCountPlusOne" methodname="Victory_MultipliesScoreByInventoryCountPlusOne" classname="Testing" runstate="Runnable" seed="2136122203" result="Failed" start-time="2025-11-15 18:20:11Z" end-time="2025-11-15 18:20:11Z" duration="0.600500" asserts="0">
          <properties>
            <property name="_JOINTYPE" value="UnityCombinatorial" />
            <property name="retryIteration" value="0" />
            <property name="repeatIteration" value="0" />
          </properties>
          <failure>
            <message><![CDATA[SetUp : Expected log did not appear: [Error] Player not found! Ensure Player has 'Player' tag and PlayerController script.]]></message>
          </failure>
          <output><![CDATA[instance == Arjun (the Explorer) V7(Clone)
Spawned relic: Relic 2 V4(Clone)
No viewer detected. Attempting to find camera object
INFORMATION: Added TestingObj0 to inventory at slot 0
INFORMATION: Added TestingObj1 to inventory at slot 1
INFORMATION: Added TestingObj2 to inventory at slot 2
INFORMATION: Added TestingObj3 to inventory at slot 3
Saving results to: C:/Users/Conno/AppData/LocalLow/Sandstorm Games/SubTerra\TestResults.xml
]]></output>
        </test-case>
      </test-suite>
    </test-suite>
  </test-suite>
</test-run>