<?xml version="1.0" encoding="utf-8"?>
<test-run id="2" testcasecount="20" result="Failed(Child)" total="20" passed="12" failed="8" inconclusive="0" skipped="0" asserts="0" engine-version="3.5.0.0" clr-version="4.0.30319.42000" start-time="2025-11-15 19:22:52Z" end-time="2025-11-15 19:23:33Z" duration="41.2991977">
  <test-suite type="TestSuite" id="1086" name="SubTerra" fullname="SubTerra" runstate="Runnable" testcasecount="68" result="Failed" site="Child" start-time="2025-11-15 19:22:52Z" end-time="2025-11-15 19:23:33Z" duration="41.299198" total="20" passed="12" failed="8" inconclusive="0" skipped="0" asserts="0">
    <properties>
      <property name="platform" value="PlayMode" />
    </properties>
    <failure>
      <message><![CDATA[One or more child tests had errors]]></message>
    </failure>
    <test-suite type="Assembly" id="1027" name="CW_PlayMode.dll" fullname="C:/Users/Conno/OneDrive/MyProjects/Echos Of Subterra/RepoFolder/SubTerra/Library/ScriptAssemblies/CW_PlayMode.dll" runstate="Runnable" testcasecount="20" result="Failed" site="Child" start-time="2025-11-15 19:22:52Z" end-time="2025-11-15 19:23:33Z" duration="41.272428" total="20" passed="12" failed="8" inconclusive="0" skipped="0" asserts="0">
      <properties>
        <property name="_PID" value="21304" />
        <property name="_APPDOMAIN" value="Unity Child Domain" />
        <property name="platform" value="PlayMode" />
        <property name="EditorOnly" value="False" />
      </properties>
      <failure>
        <message><![CDATA[One or more child tests had errors]]></message>
      </failure>
      <test-suite type="TestFixture" id="1006" name="Testing" fullname="Testing" classname="Testing" runstate="Runnable" testcasecount="20" result="Failed" site="Child" start-time="2025-11-15 19:22:52Z" end-time="2025-11-15 19:23:33Z" duration="41.266903" total="20" passed="12" failed="8" inconclusive="0" skipped="0" asserts="0">
        <properties />
        <failure>
          <message><![CDATA[One or more child tests had errors]]></message>
        </failure>
        <test-case id="1022" name="Animator_FlipXWhenMovingLeft" fullname="Testing.Animator_FlipXWhenMovingLeft" methodname="Animator_FlipXWhenMovingLeft" classname="Testing" runstate="Runnable" seed="1642101785" result="Passed" start-time="2025-11-15 19:22:52Z" end-time="2025-11-15 19:22:53Z" duration="0.300957" asserts="0">
          <properties>
            <property name="_JOINTYPE" value="UnityCombinatorial" />
            <property name="retryIteration" value="0" />
            <property name="repeatIteration" value="0" />
          </properties>
          <output><![CDATA[instance == Arjun (the Explorer) V8.5
INFORMATION: Added TestingObj0 to inventory at slot 0
INFORMATION: Added TestingObj1 to inventory at slot 1
INFORMATION: Added TestingObj2 to inventory at slot 2
INFORMATION: Added TestingObj3 to inventory at slot 3
]]></output>
        </test-case>
        <test-case id="1019" name="Drop_RemovesItemAndSpawnsHandler" fullname="Testing.Drop_RemovesItemAndSpawnsHandler" methodname="Drop_RemovesItemAndSpawnsHandler" classname="Testing" runstate="Runnable" seed="452814017" result="Failed" start-time="2025-11-15 19:22:53Z" end-time="2025-11-15 19:22:53Z" duration="0.212237" asserts="0">
          <properties>
            <property name="_JOINTYPE" value="UnityCombinatorial" />
            <property name="retryIteration" value="0" />
            <property name="repeatIteration" value="0" />
          </properties>
          <failure>
            <message><![CDATA[  Drop must remove item from inventory
  Expected: null
  But was:  <Droppable (UnityEngine.GameObject)>
]]></message>
            <stack-trace><![CDATA[at Testing+<Drop_RemovesItemAndSpawnsHandler>d__17.MoveNext () [0x00087] in C:\Users\Conno\OneDrive\MyProjects\Echos Of Subterra\RepoFolder\SubTerra\Assets\test\ConnorWolfe\CW_PlayMode\Testing.cs:333
at UnityEngine.TestTools.TestEnumerator+<Execute>d__7.MoveNext () [0x0003a] in .\Library\PackageCache\com.unity.test-framework@a6f5be5f149c\UnityEngine.TestRunner\NUnitExtensions\Attributes\TestEnumerator.cs:44
]]></stack-trace>
          </failure>
          <output><![CDATA[instance == Arjun (the Explorer) V8.5
INFORMATION: Added TestingObj0 to inventory at slot 0
INFORMATION: Added TestingObj1 to inventory at slot 1
INFORMATION: Added TestingObj2 to inventory at slot 2
INFORMATION: Added TestingObj3 to inventory at slot 3
INFORMATION: Added Droppable to inventory at slot 0
]]></output>
        </test-case>
        <test-case id="1026" name="Edge_SingletonEnforcesOneInstance" fullname="Testing.Edge_SingletonEnforcesOneInstance" methodname="Edge_SingletonEnforcesOneInstance" classname="Testing" runstate="Runnable" seed="333053212" result="Passed" start-time="2025-11-15 19:22:53Z" end-time="2025-11-15 19:22:53Z" duration="0.193539" asserts="0">
          <properties>
            <property name="_JOINTYPE" value="UnityCombinatorial" />
            <property name="retryIteration" value="0" />
            <property name="repeatIteration" value="0" />
          </properties>
          <output><![CDATA[instance == Arjun (the Explorer) V8.5
INFORMATION: Added TestingObj0 to inventory at slot 0
INFORMATION: Added TestingObj1 to inventory at slot 1
INFORMATION: Added TestingObj2 to inventory at slot 2
INFORMATION: Added TestingObj3 to inventory at slot 3
instance == Arjun (the Explorer) V8.5(Clone)
]]></output>
        </test-case>
        <test-case id="1012" name="Health_BoundaryHealthTests" fullname="Testing.Health_BoundaryHealthTests" methodname="Health_BoundaryHealthTests" classname="Testing" runstate="Runnable" seed="607298350" result="Failed" start-time="2025-11-15 19:22:53Z" end-time="2025-11-15 19:22:53Z" duration="0.191656" asserts="0">
          <properties>
            <property name="_JOINTYPE" value="UnityCombinatorial" />
            <property name="retryIteration" value="0" />
            <property name="repeatIteration" value="0" />
          </properties>
          <failure>
            <message><![CDATA[  -! Health Test Failure!:
 -> health should be 0
 -> health is instead 255
  Expected: 255
  But was:  0
]]></message>
            <stack-trace><![CDATA[at Testing+<Health_BoundaryHealthTests>d__10.MoveNext () [0x000ad] in C:\Users\Conno\OneDrive\MyProjects\Echos Of Subterra\RepoFolder\SubTerra\Assets\test\ConnorWolfe\CW_PlayMode\Testing.cs:215
at UnityEngine.TestTools.TestEnumerator+<Execute>d__7.MoveNext () [0x0003a] in .\Library\PackageCache\com.unity.test-framework@a6f5be5f149c\UnityEngine.TestRunner\NUnitExtensions\Attributes\TestEnumerator.cs:44
]]></stack-trace>
          </failure>
          <output><![CDATA[instance == Arjun (the Explorer) V8.5
INFORMATION: Added TestingObj0 to inventory at slot 0
INFORMATION: Added TestingObj1 to inventory at slot 1
INFORMATION: Added TestingObj2 to inventory at slot 2
INFORMATION: Added TestingObj3 to inventory at slot 3
PlayerController: ChangeHealth -> amount == -1018
& -> _health == 100
Player health changed by -1018. Previous: 100, Current: 255
]]></output>
        </test-case>
        <test-case id="1013" name="Health_GetHealthReturnsCurrentValue" fullname="Testing.Health_GetHealthReturnsCurrentValue" methodname="Health_GetHealthReturnsCurrentValue" classname="Testing" runstate="Runnable" seed="1696138601" result="Passed" start-time="2025-11-15 19:22:53Z" end-time="2025-11-15 19:22:53Z" duration="0.186348" asserts="0">
          <properties>
            <property name="_JOINTYPE" value="UnityCombinatorial" />
            <property name="retryIteration" value="0" />
            <property name="repeatIteration" value="0" />
          </properties>
          <output><![CDATA[instance == Arjun (the Explorer) V8.5
INFORMATION: Added TestingObj0 to inventory at slot 0
INFORMATION: Added TestingObj1 to inventory at slot 1
INFORMATION: Added TestingObj2 to inventory at slot 2
INFORMATION: Added TestingObj3 to inventory at slot 3
PlayerController: ChangeHealth -> amount == -42
& -> _health == 0
Player health changed by -42. Previous: 0, Current: 42
]]></output>
        </test-case>
        <test-case id="1010" name="Inventory_BoundaryInventoryBounds" fullname="Testing.Inventory_BoundaryInventoryBounds" methodname="Inventory_BoundaryInventoryBounds" classname="Testing" runstate="Runnable" seed="1147937594" result="Passed" start-time="2025-11-15 19:22:53Z" end-time="2025-11-15 19:22:53Z" duration="0.176322" asserts="0">
          <properties>
            <property name="_JOINTYPE" value="UnityCombinatorial" />
            <property name="retryIteration" value="0" />
            <property name="repeatIteration" value="0" />
          </properties>
          <output><![CDATA[instance == Arjun (the Explorer) V8.5
INFORMATION: Added TestingObj0 to inventory at slot 0
INFORMATION: Added TestingObj1 to inventory at slot 1
INFORMATION: Added TestingObj2 to inventory at slot 2
INFORMATION: Added TestingObj3 to inventory at slot 3
WARNING: tried to add BadObject at slot -1, but failed since max capacity is 4!
WARNING: tried to add BadObject at slot 10, but failed since max capacity is 4!
WARNING: tried to add BadObject at slot 5, but failed since max capacity is 4!
WARNING: tried to add BadObject at slot 6, but failed since max capacity is 4!
WARNING: tried to add BadObject at slot 7, but failed since max capacity is 4!
WARNING: tried to add BadObject at slot 8, but failed since max capacity is 4!
WARNING: tried to add BadObject at slot 9, but failed since max capacity is 4!
WARNING: tried to add BadObject at slot 10, but failed since max capacity is 4!
WARNING: tried to add BadObject at slot 11, but failed since max capacity is 4!
WARNING: tried to add BadObject at slot 12, but failed since max capacity is 4!
WARNING: tried to add BadObject at slot 13, but failed since max capacity is 4!
WARNING: tried to add BadObject at slot 14, but failed since max capacity is 4!
WARNING: tried to add BadObject at slot 15, but failed since max capacity is 4!
WARNING: tried to add BadObject at slot 16, but failed since max capacity is 4!
WARNING: tried to add BadObject at slot 17, but failed since max capacity is 4!
WARNING: tried to add BadObject at slot 18, but failed since max capacity is 4!
WARNING: tried to add BadObject at slot 19, but failed since max capacity is 4!
]]></output>
        </test-case>
        <test-case id="1009" name="Inventory_GetItemNeverReturnsDestroyed" fullname="Testing.Inventory_GetItemNeverReturnsDestroyed" methodname="Inventory_GetItemNeverReturnsDestroyed" classname="Testing" runstate="Runnable" seed="584288667" result="Failed" start-time="2025-11-15 19:22:53Z" end-time="2025-11-15 19:22:54Z" duration="0.175567" asserts="0">
          <properties>
            <property name="_JOINTYPE" value="UnityCombinatorial" />
            <property name="retryIteration" value="0" />
            <property name="repeatIteration" value="0" />
          </properties>
          <failure>
            <message><![CDATA[  GetItem must return null for destroyed objects
  Expected: null
  But was:  <null>
]]></message>
            <stack-trace><![CDATA[at Testing+<Inventory_GetItemNeverReturnsDestroyed>d__7.MoveNext () [0x00053] in C:\Users\Conno\OneDrive\MyProjects\Echos Of Subterra\RepoFolder\SubTerra\Assets\test\ConnorWolfe\CW_PlayMode\Testing.cs:103
at UnityEngine.TestTools.TestEnumerator+<Execute>d__7.MoveNext () [0x0003a] in .\Library\PackageCache\com.unity.test-framework@a6f5be5f149c\UnityEngine.TestRunner\NUnitExtensions\Attributes\TestEnumerator.cs:44
]]></stack-trace>
          </failure>
          <output><![CDATA[instance == Arjun (the Explorer) V8.5
INFORMATION: Added TestingObj0 to inventory at slot 0
INFORMATION: Added TestingObj1 to inventory at slot 1
INFORMATION: Added TestingObj2 to inventory at slot 2
INFORMATION: Added TestingObj3 to inventory at slot 3
INFORMATION: Added Temp to inventory at slot 0
]]></output>
        </test-case>
        <test-case id="1007" name="Inventory_InitialSlotIsZero" fullname="Testing.Inventory_InitialSlotIsZero" methodname="Inventory_InitialSlotIsZero" classname="Testing" runstate="Runnable" seed="1056672845" result="Passed" start-time="2025-11-15 19:22:54Z" end-time="2025-11-15 19:22:54Z" duration="0.171242" asserts="0">
          <properties>
            <property name="_JOINTYPE" value="UnityCombinatorial" />
            <property name="retryIteration" value="0" />
            <property name="repeatIteration" value="0" />
          </properties>
          <output><![CDATA[instance == Arjun (the Explorer) V8.5
INFORMATION: Added TestingObj0 to inventory at slot 0
INFORMATION: Added TestingObj1 to inventory at slot 1
INFORMATION: Added TestingObj2 to inventory at slot 2
INFORMATION: Added TestingObj3 to inventory at slot 3
]]></output>
        </test-case>
        <test-case id="1011" name="Inventory_StressLoading" fullname="Testing.Inventory_StressLoading" methodname="Inventory_StressLoading" classname="Testing" runstate="Runnable" seed="1553770502" result="Passed" start-time="2025-11-15 19:22:54Z" end-time="2025-11-15 19:23:29Z" duration="35.072026" asserts="0">
          <properties>
            <property name="_JOINTYPE" value="UnityCombinatorial" />
            <property name="retryIteration" value="0" />
            <property name="repeatIteration" value="0" />
          </properties>
          <output><![CDATA[instance == Arjun (the Explorer) V8.5
INFORMATION: Added TestingObj0 to inventory at slot 0
INFORMATION: Added TestingObj1 to inventory at slot 1
INFORMATION: Added TestingObj2 to inventory at slot 2
INFORMATION: Added TestingObj3 to inventory at slot 3
-! Tab Change Stress Test (10000 tabs over 34.90225s):
 -> Average FPS: 286.51
 -> Min FPS: 4.17
 -> Max FPS: 578.91
]]></output>
        </test-case>
        <test-case id="1008" name="Inventory_TabWrapsAround" fullname="Testing.Inventory_TabWrapsAround" methodname="Inventory_TabWrapsAround" classname="Testing" runstate="Runnable" seed="734255476" result="Passed" start-time="2025-11-15 19:23:29Z" end-time="2025-11-15 19:23:29Z" duration="0.217988" asserts="0">
          <properties>
            <property name="_JOINTYPE" value="UnityCombinatorial" />
            <property name="retryIteration" value="0" />
            <property name="repeatIteration" value="0" />
          </properties>
          <output><![CDATA[instance == Arjun (the Explorer) V8.5
INFORMATION: Added TestingObj0 to inventory at slot 0
INFORMATION: Added TestingObj1 to inventory at slot 1
INFORMATION: Added TestingObj2 to inventory at slot 2
INFORMATION: Added TestingObj3 to inventory at slot 3
]]></output>
        </test-case>
        <test-case id="1025" name="ItemFactory_HandlesNull" fullname="Testing.ItemFactory_HandlesNull" methodname="ItemFactory_HandlesNull" classname="Testing" runstate="Runnable" seed="2086970309" result="Passed" start-time="2025-11-15 19:23:29Z" end-time="2025-11-15 19:23:29Z" duration="0.192136" asserts="0">
          <properties>
            <property name="_JOINTYPE" value="UnityCombinatorial" />
            <property name="retryIteration" value="0" />
            <property name="repeatIteration" value="0" />
          </properties>
          <output><![CDATA[instance == Arjun (the Explorer) V8.5
INFORMATION: Added TestingObj0 to inventory at slot 0
INFORMATION: Added TestingObj1 to inventory at slot 1
INFORMATION: Added TestingObj2 to inventory at slot 2
INFORMATION: Added TestingObj3 to inventory at slot 3
]]></output>
        </test-case>
        <test-case id="1016" name="Movement_HorizontalInputChangesVelocity" fullname="Testing.Movement_HorizontalInputChangesVelocity" methodname="Movement_HorizontalInputChangesVelocity" classname="Testing" runstate="Runnable" seed="1839501140" result="Failed" start-time="2025-11-15 19:23:29Z" end-time="2025-11-15 19:23:30Z" duration="0.200960" asserts="0">
          <properties>
            <property name="_JOINTYPE" value="UnityCombinatorial" />
            <property name="retryIteration" value="0" />
            <property name="repeatIteration" value="0" />
          </properties>
          <failure>
            <message><![CDATA[  Right input must produce positive X velocity
  Expected: greater than 0.0f
  But was:  0.0f
]]></message>
            <stack-trace><![CDATA[at Testing+<Movement_HorizontalInputChangesVelocity>d__14.MoveNext () [0x00090] in C:\Users\Conno\OneDrive\MyProjects\Echos Of Subterra\RepoFolder\SubTerra\Assets\test\ConnorWolfe\CW_PlayMode\Testing.cs:279
at UnityEngine.TestTools.TestEnumerator+<Execute>d__7.MoveNext () [0x0003a] in .\Library\PackageCache\com.unity.test-framework@a6f5be5f149c\UnityEngine.TestRunner\NUnitExtensions\Attributes\TestEnumerator.cs:44
]]></stack-trace>
          </failure>
          <output><![CDATA[instance == Arjun (the Explorer) V8.5
INFORMATION: Added TestingObj0 to inventory at slot 0
INFORMATION: Added TestingObj1 to inventory at slot 1
INFORMATION: Added TestingObj2 to inventory at slot 2
INFORMATION: Added TestingObj3 to inventory at slot 3
]]></output>
        </test-case>
        <test-case id="1017" name="Movement_JumpOnlyWhenOnGround" fullname="Testing.Movement_JumpOnlyWhenOnGround" methodname="Movement_JumpOnlyWhenOnGround" classname="Testing" runstate="Runnable" seed="792550110" result="Failed" start-time="2025-11-15 19:23:30Z" end-time="2025-11-15 19:23:30Z" duration="0.205927" asserts="0">
          <properties>
            <property name="_JOINTYPE" value="UnityCombinatorial" />
            <property name="retryIteration" value="0" />
            <property name="repeatIteration" value="0" />
          </properties>
          <failure>
            <message><![CDATA[  Jump must be ignored when not on ground
  Expected: 0.0d +/- 0.0099999997764825821d
  But was:  -0.39239984750747681d
]]></message>
            <stack-trace><![CDATA[at Testing+<Movement_JumpOnlyWhenOnGround>d__15.MoveNext () [0x000be] in C:\Users\Conno\OneDrive\MyProjects\Echos Of Subterra\RepoFolder\SubTerra\Assets\test\ConnorWolfe\CW_PlayMode\Testing.cs:297
at UnityEngine.TestTools.TestEnumerator+<Execute>d__7.MoveNext () [0x0003a] in .\Library\PackageCache\com.unity.test-framework@a6f5be5f149c\UnityEngine.TestRunner\NUnitExtensions\Attributes\TestEnumerator.cs:44
]]></stack-trace>
          </failure>
          <output><![CDATA[instance == Arjun (the Explorer) V8.5
INFORMATION: Added TestingObj0 to inventory at slot 0
INFORMATION: Added TestingObj1 to inventory at slot 1
INFORMATION: Added TestingObj2 to inventory at slot 2
INFORMATION: Added TestingObj3 to inventory at slot 3
]]></output>
        </test-case>
        <test-case id="1021" name="Pause_StopsMovement" fullname="Testing.Pause_StopsMovement" methodname="Pause_StopsMovement" classname="Testing" runstate="Runnable" seed="2083324712" result="Passed" start-time="2025-11-15 19:23:30Z" end-time="2025-11-15 19:23:30Z" duration="0.214892" asserts="0">
          <properties>
            <property name="_JOINTYPE" value="UnityCombinatorial" />
            <property name="retryIteration" value="0" />
            <property name="repeatIteration" value="0" />
          </properties>
          <output><![CDATA[instance == Arjun (the Explorer) V8.5
INFORMATION: Added TestingObj0 to inventory at slot 0
INFORMATION: Added TestingObj1 to inventory at slot 1
INFORMATION: Added TestingObj2 to inventory at slot 2
INFORMATION: Added TestingObj3 to inventory at slot 3
]]></output>
        </test-case>
        <test-case id="1018" name="Pickup_AddsItemToNextEmptySlot" fullname="Testing.Pickup_AddsItemToNextEmptySlot" methodname="Pickup_AddsItemToNextEmptySlot" classname="Testing" runstate="Runnable" seed="1705021749" result="Passed" start-time="2025-11-15 19:23:30Z" end-time="2025-11-15 19:23:30Z" duration="0.228964" asserts="0">
          <properties>
            <property name="_JOINTYPE" value="UnityCombinatorial" />
            <property name="retryIteration" value="0" />
            <property name="repeatIteration" value="0" />
          </properties>
          <output><![CDATA[instance == Arjun (the Explorer) V8.5
INFORMATION: Added TestingObj0 to inventory at slot 0
INFORMATION: Added TestingObj1 to inventory at slot 1
INFORMATION: Added TestingObj2 to inventory at slot 2
INFORMATION: Added TestingObj3 to inventory at slot 3
INFORMATION: Added PickupItem to inventory at slot 0
]]></output>
        </test-case>
        <test-case id="1014" name="Score_ChangeScoreClampsToUIntRange" fullname="Testing.Score_ChangeScoreClampsToUIntRange" methodname="Score_ChangeScoreClampsToUIntRange" classname="Testing" runstate="Runnable" seed="1172849574" result="Failed" start-time="2025-11-15 19:23:30Z" end-time="2025-11-15 19:23:31Z" duration="0.377116" asserts="0">
          <properties>
            <property name="_JOINTYPE" value="UnityCombinatorial" />
            <property name="retryIteration" value="0" />
            <property name="repeatIteration" value="0" />
          </properties>
          <failure>
            <message><![CDATA[  Score must clamp to uint.MaxValue
  Expected: 4294967295
  But was:  0
]]></message>
            <stack-trace><![CDATA[at Testing+<Score_ChangeScoreClampsToUIntRange>d__12.MoveNext () [0x00031] in C:\Users\Conno\OneDrive\MyProjects\Echos Of Subterra\RepoFolder\SubTerra\Assets\test\ConnorWolfe\CW_PlayMode\Testing.cs:244
at UnityEngine.TestTools.TestEnumerator+<Execute>d__7.MoveNext () [0x0003a] in .\Library\PackageCache\com.unity.test-framework@a6f5be5f149c\UnityEngine.TestRunner\NUnitExtensions\Attributes\TestEnumerator.cs:44
]]></stack-trace>
          </failure>
          <output><![CDATA[instance == Arjun (the Explorer) V8.5
INFORMATION: Added TestingObj0 to inventory at slot 0
INFORMATION: Added TestingObj1 to inventory at slot 1
INFORMATION: Added TestingObj2 to inventory at slot 2
INFORMATION: Added TestingObj3 to inventory at slot 3
]]></output>
        </test-case>
        <test-case id="1015" name="Score_GetScoreMatchesInternal" fullname="Testing.Score_GetScoreMatchesInternal" methodname="Score_GetScoreMatchesInternal" classname="Testing" runstate="Runnable" seed="1331181899" result="Failed" start-time="2025-11-15 19:23:31Z" end-time="2025-11-15 19:23:31Z" duration="0.368596" asserts="0">
          <properties>
            <property name="_JOINTYPE" value="UnityCombinatorial" />
            <property name="retryIteration" value="0" />
            <property name="repeatIteration" value="0" />
          </properties>
          <failure>
            <message><![CDATA[  Public getter must match internal field
  Expected: 123
  But was:  0
]]></message>
            <stack-trace><![CDATA[at Testing+<Score_GetScoreMatchesInternal>d__13.MoveNext () [0x00052] in C:\Users\Conno\OneDrive\MyProjects\Echos Of Subterra\RepoFolder\SubTerra\Assets\test\ConnorWolfe\CW_PlayMode\Testing.cs:264
at UnityEngine.TestTools.TestEnumerator+<Execute>d__7.MoveNext () [0x0003a] in .\Library\PackageCache\com.unity.test-framework@a6f5be5f149c\UnityEngine.TestRunner\NUnitExtensions\Attributes\TestEnumerator.cs:44
]]></stack-trace>
          </failure>
          <output><![CDATA[instance == Arjun (the Explorer) V8.5
INFORMATION: Added TestingObj0 to inventory at slot 0
INFORMATION: Added TestingObj1 to inventory at slot 1
INFORMATION: Added TestingObj2 to inventory at slot 2
INFORMATION: Added TestingObj3 to inventory at slot 3
]]></output>
        </test-case>
        <test-case id="1024" name="StaminaWheel_ExhaustionDisablesGreenWheel" fullname="Testing.StaminaWheel_ExhaustionDisablesGreenWheel" methodname="StaminaWheel_ExhaustionDisablesGreenWheel" classname="Testing" runstate="Runnable" seed="267347805" result="Passed" start-time="2025-11-15 19:23:31Z" end-time="2025-11-15 19:23:31Z" duration="0.452052" asserts="0">
          <properties>
            <property name="_JOINTYPE" value="UnityCombinatorial" />
            <property name="retryIteration" value="0" />
            <property name="repeatIteration" value="0" />
          </properties>
          <output><![CDATA[instance == Arjun (the Explorer) V8.5
INFORMATION: Added TestingObj0 to inventory at slot 0
INFORMATION: Added TestingObj1 to inventory at slot 1
INFORMATION: Added TestingObj2 to inventory at slot 2
INFORMATION: Added TestingObj3 to inventory at slot 3
]]></output>
        </test-case>
        <test-case id="1023" name="StaminaWheel_InitializesAtMax" fullname="Testing.StaminaWheel_InitializesAtMax" methodname="StaminaWheel_InitializesAtMax" classname="Testing" runstate="Runnable" seed="1988934757" result="Passed" start-time="2025-11-15 19:23:31Z" end-time="2025-11-15 19:23:33Z" duration="1.645840" asserts="0">
          <properties>
            <property name="_JOINTYPE" value="UnityCombinatorial" />
            <property name="retryIteration" value="0" />
            <property name="repeatIteration" value="0" />
          </properties>
          <output><![CDATA[instance == Arjun (the Explorer) V8.5
INFORMATION: Added TestingObj0 to inventory at slot 0
INFORMATION: Added TestingObj1 to inventory at slot 1
INFORMATION: Added TestingObj2 to inventory at slot 2
INFORMATION: Added TestingObj3 to inventory at slot 3
]]></output>
        </test-case>
        <test-case id="1020" name="Victory_MultipliesScoreByInventoryCountPlusOne" fullname="Testing.Victory_MultipliesScoreByInventoryCountPlusOne" methodname="Victory_MultipliesScoreByInventoryCountPlusOne" classname="Testing" runstate="Runnable" seed="935261983" result="Failed" start-time="2025-11-15 19:23:33Z" end-time="2025-11-15 19:23:33Z" duration="0.446637" asserts="0">
          <properties>
            <property name="_JOINTYPE" value="UnityCombinatorial" />
            <property name="retryIteration" value="0" />
            <property name="repeatIteration" value="0" />
          </properties>
          <failure>
            <message><![CDATA[  Victory must apply multiplier correctly
  Expected: 300
  But was:  0
]]></message>
            <stack-trace><![CDATA[at Testing+<Victory_MultipliesScoreByInventoryCountPlusOne>d__18.MoveNext () [0x00082] in C:\Users\Conno\OneDrive\MyProjects\Echos Of Subterra\RepoFolder\SubTerra\Assets\test\ConnorWolfe\CW_PlayMode\Testing.cs:352
at UnityEngine.TestTools.TestEnumerator+<Execute>d__7.MoveNext () [0x0003a] in .\Library\PackageCache\com.unity.test-framework@a6f5be5f149c\UnityEngine.TestRunner\NUnitExtensions\Attributes\TestEnumerator.cs:44
]]></stack-trace>
          </failure>
          <output><![CDATA[instance == Arjun (the Explorer) V8.5
INFORMATION: Added TestingObj0 to inventory at slot 0
INFORMATION: Added TestingObj1 to inventory at slot 1
INFORMATION: Added TestingObj2 to inventory at slot 2
INFORMATION: Added TestingObj3 to inventory at slot 3
INFORMATION: Added VictoryItem0 to inventory at slot 0
INFORMATION: Added VictoryItem1 to inventory at slot 1
Saving results to: C:/Users/Conno/AppData/LocalLow/Sandstorm Games/SubTerra\TestResults.xml
]]></output>
        </test-case>
      </test-suite>
    </test-suite>
  </test-suite>
</test-run>