<?xml version="1.0" encoding="utf-8"?>
<test-run id="2" testcasecount="20" result="Failed(Child)" total="20" passed="1" failed="19" inconclusive="0" skipped="0" asserts="0" engine-version="3.5.0.0" clr-version="4.0.30319.42000" start-time="2025-11-15 18:59:01Z" end-time="2025-11-15 18:59:10Z" duration="9.1635336">
  <test-suite type="TestSuite" id="1086" name="SubTerra" fullname="SubTerra" runstate="Runnable" testcasecount="68" result="Failed" site="Child" start-time="2025-11-15 18:59:01Z" end-time="2025-11-15 18:59:10Z" duration="9.163534" total="20" passed="1" failed="19" inconclusive="0" skipped="0" asserts="0">
    <properties>
      <property name="platform" value="PlayMode" />
    </properties>
    <failure>
      <message><![CDATA[One or more child tests had errors]]></message>
    </failure>
    <test-suite type="Assembly" id="1027" name="CW_PlayMode.dll" fullname="C:/Users/Conno/OneDrive/MyProjects/Echos Of Subterra/RepoFolder/SubTerra/Library/ScriptAssemblies/CW_PlayMode.dll" runstate="Runnable" testcasecount="20" result="Failed" site="Child" start-time="2025-11-15 18:59:01Z" end-time="2025-11-15 18:59:10Z" duration="9.148597" total="20" passed="1" failed="19" inconclusive="0" skipped="0" asserts="0">
      <properties>
        <property name="_PID" value="21304" />
        <property name="_APPDOMAIN" value="Unity Child Domain" />
        <property name="platform" value="PlayMode" />
        <property name="EditorOnly" value="False" />
      </properties>
      <failure>
        <message><![CDATA[One or more child tests had errors]]></message>
      </failure>
      <test-suite type="TestFixture" id="1006" name="Testing" fullname="Testing" classname="Testing" runstate="Runnable" testcasecount="20" result="Failed" site="Child" start-time="2025-11-15 18:59:01Z" end-time="2025-11-15 18:59:10Z" duration="9.144602" total="20" passed="1" failed="19" inconclusive="0" skipped="0" asserts="0">
        <properties />
        <failure>
          <message><![CDATA[One or more child tests had errors]]></message>
        </failure>
        <test-case id="1022" name="Animator_FlipXWhenMovingLeft" fullname="Testing.Animator_FlipXWhenMovingLeft" methodname="Animator_FlipXWhenMovingLeft" classname="Testing" runstate="Runnable" seed="354237685" result="Failed" start-time="2025-11-15 18:59:01Z" end-time="2025-11-15 18:59:02Z" duration="0.577111" asserts="0">
          <properties>
            <property name="_JOINTYPE" value="UnityCombinatorial" />
            <property name="retryIteration" value="0" />
            <property name="repeatIteration" value="0" />
          </properties>
          <failure>
            <message><![CDATA[SetUp : Unhandled log message: '[Error] Player not found! Ensure tag is Player.'. Use UnityEngine.TestTools.LogAssert.Expect]]></message>
            <stack-trace><![CDATA[skeletonEnemy:Start () (at Assets/src/ArjunRai/skeleton/skeletonEnemy.cs:26)

]]></stack-trace>
          </failure>
          <output><![CDATA[Player not found! Ensure Player has 'Player' tag and PlayerController script.
Player not found! Ensure tag is Player.
instance == Arjun (the Explorer) V7(Clone)
=== DEMONSTRATING STATIC vs DYNAMIC BINDING ===

--- Using Parent Reference to Child Object ---
[STATIC BINDING - Parent] Player health: 100
[DYNAMIC BINDING - Child] Tyler's health: 100

--- Using Child Reference to Child Object ---
[STATIC BINDING - Child] Arjun's health: 75
[DYNAMIC BINDING - Child] Arjun's health: 75

=== KEY TAKEAWAY ===
Static Binding: Method call resolved at COMPILE-TIME based on reference type
Dynamic Binding: Method call resolved at RUNTIME based on actual object type
Spawned relic: Relic V3(Clone)
No viewer detected. Attempting to find camera object
INFORMATION: Added TestingObj0 to inventory at slot 0
INFORMATION: Added TestingObj1 to inventory at slot 1
INFORMATION: Added TestingObj2 to inventory at slot 2
INFORMATION: Added TestingObj3 to inventory at slot 3
]]></output>
        </test-case>
        <test-case id="1019" name="Drop_RemovesItemAndSpawnsHandler" fullname="Testing.Drop_RemovesItemAndSpawnsHandler" methodname="Drop_RemovesItemAndSpawnsHandler" classname="Testing" runstate="Runnable" seed="474267784" result="Failed" start-time="2025-11-15 18:59:02Z" end-time="2025-11-15 18:59:02Z" duration="0.347096" asserts="0">
          <properties>
            <property name="_JOINTYPE" value="UnityCombinatorial" />
            <property name="retryIteration" value="0" />
            <property name="repeatIteration" value="0" />
          </properties>
          <failure>
            <message><![CDATA[SetUp : Expected log did not appear: [Error] Player not found! Ensure Player has 'Player' tag and PlayerController script.]]></message>
          </failure>
          <output><![CDATA[instance == Arjun (the Explorer) V7(Clone)
=== DEMONSTRATING STATIC vs DYNAMIC BINDING ===

--- Using Parent Reference to Child Object ---
[STATIC BINDING - Parent] Player health: 100
[DYNAMIC BINDING - Child] Tyler's health: 100

--- Using Child Reference to Child Object ---
[STATIC BINDING - Child] Arjun's health: 75
[DYNAMIC BINDING - Child] Arjun's health: 75

=== KEY TAKEAWAY ===
Static Binding: Method call resolved at COMPILE-TIME based on reference type
Dynamic Binding: Method call resolved at RUNTIME based on actual object type
Spawned relic: Relic V3(Clone)
No viewer detected. Attempting to find camera object
INFORMATION: Added TestingObj0 to inventory at slot 0
INFORMATION: Added TestingObj1 to inventory at slot 1
INFORMATION: Added TestingObj2 to inventory at slot 2
INFORMATION: Added TestingObj3 to inventory at slot 3
]]></output>
        </test-case>
        <test-case id="1026" name="Edge_SingletonEnforcesOneInstance" fullname="Testing.Edge_SingletonEnforcesOneInstance" methodname="Edge_SingletonEnforcesOneInstance" classname="Testing" runstate="Runnable" seed="1622706266" result="Failed" start-time="2025-11-15 18:59:02Z" end-time="2025-11-15 18:59:03Z" duration="0.323727" asserts="0">
          <properties>
            <property name="_JOINTYPE" value="UnityCombinatorial" />
            <property name="retryIteration" value="0" />
            <property name="repeatIteration" value="0" />
          </properties>
          <failure>
            <message><![CDATA[SetUp : Unhandled log message: '[Error] Player not found! Ensure tag is Player.'. Use UnityEngine.TestTools.LogAssert.Expect]]></message>
            <stack-trace><![CDATA[skeletonEnemy:Start () (at Assets/src/ArjunRai/skeleton/skeletonEnemy.cs:26)

]]></stack-trace>
          </failure>
          <output><![CDATA[Player not found! Ensure tag is Player.
Player not found! Ensure Player has 'Player' tag and PlayerController script.
instance == Arjun (the Explorer) V7(Clone)
=== DEMONSTRATING STATIC vs DYNAMIC BINDING ===

--- Using Parent Reference to Child Object ---
[STATIC BINDING - Parent] Player health: 100
[DYNAMIC BINDING - Child] Tyler's health: 100

--- Using Child Reference to Child Object ---
[STATIC BINDING - Child] Arjun's health: 75
[DYNAMIC BINDING - Child] Arjun's health: 75

=== KEY TAKEAWAY ===
Static Binding: Method call resolved at COMPILE-TIME based on reference type
Dynamic Binding: Method call resolved at RUNTIME based on actual object type
Spawned relic: Relic V3(Clone)
No viewer detected. Attempting to find camera object
INFORMATION: Added TestingObj0 to inventory at slot 0
INFORMATION: Added TestingObj1 to inventory at slot 1
INFORMATION: Added TestingObj2 to inventory at slot 2
INFORMATION: Added TestingObj3 to inventory at slot 3
]]></output>
        </test-case>
        <test-case id="1012" name="Health_BoundaryHealthTests" fullname="Testing.Health_BoundaryHealthTests" methodname="Health_BoundaryHealthTests" classname="Testing" runstate="Runnable" seed="283865422" result="Failed" start-time="2025-11-15 18:59:03Z" end-time="2025-11-15 18:59:03Z" duration="0.334619" asserts="0">
          <properties>
            <property name="_JOINTYPE" value="UnityCombinatorial" />
            <property name="retryIteration" value="0" />
            <property name="repeatIteration" value="0" />
          </properties>
          <failure>
            <message><![CDATA[SetUp : Unhandled log message: '[Error] Player not found! Ensure tag is Player.'. Use UnityEngine.TestTools.LogAssert.Expect]]></message>
            <stack-trace><![CDATA[skeletonEnemy:Start () (at Assets/src/ArjunRai/skeleton/skeletonEnemy.cs:26)

]]></stack-trace>
          </failure>
          <output><![CDATA[Player not found! Ensure tag is Player.
Player not found! Ensure Player has 'Player' tag and PlayerController script.
instance == Arjun (the Explorer) V7(Clone)
=== DEMONSTRATING STATIC vs DYNAMIC BINDING ===

--- Using Parent Reference to Child Object ---
[STATIC BINDING - Parent] Player health: 100
[DYNAMIC BINDING - Child] Tyler's health: 100

--- Using Child Reference to Child Object ---
[STATIC BINDING - Child] Arjun's health: 75
[DYNAMIC BINDING - Child] Arjun's health: 75

=== KEY TAKEAWAY ===
Static Binding: Method call resolved at COMPILE-TIME based on reference type
Dynamic Binding: Method call resolved at RUNTIME based on actual object type
Spawned relic: Relic V3(Clone)
No viewer detected. Attempting to find camera object
INFORMATION: Added TestingObj0 to inventory at slot 0
INFORMATION: Added TestingObj1 to inventory at slot 1
INFORMATION: Added TestingObj2 to inventory at slot 2
INFORMATION: Added TestingObj3 to inventory at slot 3
]]></output>
        </test-case>
        <test-case id="1013" name="Health_GetHealthReturnsCurrentValue" fullname="Testing.Health_GetHealthReturnsCurrentValue" methodname="Health_GetHealthReturnsCurrentValue" classname="Testing" runstate="Runnable" seed="1331260867" result="Failed" start-time="2025-11-15 18:59:03Z" end-time="2025-11-15 18:59:03Z" duration="0.321359" asserts="0">
          <properties>
            <property name="_JOINTYPE" value="UnityCombinatorial" />
            <property name="retryIteration" value="0" />
            <property name="repeatIteration" value="0" />
          </properties>
          <failure>
            <message><![CDATA[SetUp : Unhandled log message: '[Error] Player not found! Ensure tag is Player.'. Use UnityEngine.TestTools.LogAssert.Expect]]></message>
            <stack-trace><![CDATA[skeletonEnemy:Start () (at Assets/src/ArjunRai/skeleton/skeletonEnemy.cs:26)

]]></stack-trace>
          </failure>
          <output><![CDATA[Player not found! Ensure tag is Player.
instance == Arjun (the Explorer) V7(Clone)
=== DEMONSTRATING STATIC vs DYNAMIC BINDING ===

--- Using Parent Reference to Child Object ---
[STATIC BINDING - Parent] Player health: 100
[DYNAMIC BINDING - Child] Tyler's health: 100

--- Using Child Reference to Child Object ---
[STATIC BINDING - Child] Arjun's health: 75
[DYNAMIC BINDING - Child] Arjun's health: 75

=== KEY TAKEAWAY ===
Static Binding: Method call resolved at COMPILE-TIME based on reference type
Dynamic Binding: Method call resolved at RUNTIME based on actual object type
Spawned relic: Relic V3(Clone)
No viewer detected. Attempting to find camera object
INFORMATION: Added TestingObj0 to inventory at slot 0
INFORMATION: Added TestingObj1 to inventory at slot 1
INFORMATION: Added TestingObj2 to inventory at slot 2
INFORMATION: Added TestingObj3 to inventory at slot 3
]]></output>
        </test-case>
        <test-case id="1010" name="Inventory_BoundaryInventoryBounds" fullname="Testing.Inventory_BoundaryInventoryBounds" methodname="Inventory_BoundaryInventoryBounds" classname="Testing" runstate="Runnable" seed="1186262112" result="Failed" start-time="2025-11-15 18:59:03Z" end-time="2025-11-15 18:59:04Z" duration="0.509916" asserts="0">
          <properties>
            <property name="_JOINTYPE" value="UnityCombinatorial" />
            <property name="retryIteration" value="0" />
            <property name="repeatIteration" value="0" />
          </properties>
          <failure>
            <message><![CDATA[SetUp : Unhandled log message: '[Error] Player not found! Ensure tag is Player.'. Use UnityEngine.TestTools.LogAssert.Expect]]></message>
            <stack-trace><![CDATA[skeletonEnemy:Start () (at Assets/src/ArjunRai/skeleton/skeletonEnemy.cs:26)

]]></stack-trace>
          </failure>
          <output><![CDATA[Player not found! Ensure tag is Player.
instance == Arjun (the Explorer) V7(Clone)
=== DEMONSTRATING STATIC vs DYNAMIC BINDING ===

--- Using Parent Reference to Child Object ---
[STATIC BINDING - Parent] Player health: 100
[DYNAMIC BINDING - Child] Tyler's health: 100

--- Using Child Reference to Child Object ---
[STATIC BINDING - Child] Arjun's health: 75
[DYNAMIC BINDING - Child] Arjun's health: 75

=== KEY TAKEAWAY ===
Static Binding: Method call resolved at COMPILE-TIME based on reference type
Dynamic Binding: Method call resolved at RUNTIME based on actual object type
Spawned relic: Relic V3(Clone)
No viewer detected. Attempting to find camera object
INFORMATION: Added TestingObj0 to inventory at slot 0
INFORMATION: Added TestingObj1 to inventory at slot 1
INFORMATION: Added TestingObj2 to inventory at slot 2
INFORMATION: Added TestingObj3 to inventory at slot 3
]]></output>
        </test-case>
        <test-case id="1009" name="Inventory_GetItemNeverReturnsDestroyed" fullname="Testing.Inventory_GetItemNeverReturnsDestroyed" methodname="Inventory_GetItemNeverReturnsDestroyed" classname="Testing" runstate="Runnable" seed="775205332" result="Failed" start-time="2025-11-15 18:59:04Z" end-time="2025-11-15 18:59:04Z" duration="0.721115" asserts="0">
          <properties>
            <property name="_JOINTYPE" value="UnityCombinatorial" />
            <property name="retryIteration" value="0" />
            <property name="repeatIteration" value="0" />
          </properties>
          <failure>
            <message><![CDATA[SetUp : Unhandled log message: '[Error] Player not found! Ensure tag is Player.'. Use UnityEngine.TestTools.LogAssert.Expect]]></message>
            <stack-trace><![CDATA[skeletonEnemy:Start () (at Assets/src/ArjunRai/skeleton/skeletonEnemy.cs:26)

]]></stack-trace>
          </failure>
          <output><![CDATA[Player not found! Ensure tag is Player.
Player not found! Ensure Player has 'Player' tag and PlayerController script.
instance == Arjun (the Explorer) V7(Clone)
=== DEMONSTRATING STATIC vs DYNAMIC BINDING ===

--- Using Parent Reference to Child Object ---
[STATIC BINDING - Parent] Player health: 100
[DYNAMIC BINDING - Child] Tyler's health: 100

--- Using Child Reference to Child Object ---
[STATIC BINDING - Child] Arjun's health: 75
[DYNAMIC BINDING - Child] Arjun's health: 75

=== KEY TAKEAWAY ===
Static Binding: Method call resolved at COMPILE-TIME based on reference type
Dynamic Binding: Method call resolved at RUNTIME based on actual object type
Spawned relic: Relic V3(Clone)
No viewer detected. Attempting to find camera object
INFORMATION: Added TestingObj0 to inventory at slot 0
INFORMATION: Added TestingObj1 to inventory at slot 1
INFORMATION: Added TestingObj2 to inventory at slot 2
INFORMATION: Added TestingObj3 to inventory at slot 3
]]></output>
        </test-case>
        <test-case id="1007" name="Inventory_InitialSlotIsZero" fullname="Testing.Inventory_InitialSlotIsZero" methodname="Inventory_InitialSlotIsZero" classname="Testing" runstate="Runnable" seed="1716028721" result="Failed" start-time="2025-11-15 18:59:04Z" end-time="2025-11-15 18:59:05Z" duration="0.719303" asserts="0">
          <properties>
            <property name="_JOINTYPE" value="UnityCombinatorial" />
            <property name="retryIteration" value="0" />
            <property name="repeatIteration" value="0" />
          </properties>
          <failure>
            <message><![CDATA[SetUp : Unhandled log message: '[Error] Player not found! Ensure tag is Player.'. Use UnityEngine.TestTools.LogAssert.Expect]]></message>
            <stack-trace><![CDATA[skeletonEnemy:Start () (at Assets/src/ArjunRai/skeleton/skeletonEnemy.cs:26)

]]></stack-trace>
          </failure>
          <output><![CDATA[Player not found! Ensure tag is Player.
instance == Arjun (the Explorer) V7(Clone)
=== DEMONSTRATING STATIC vs DYNAMIC BINDING ===

--- Using Parent Reference to Child Object ---
[STATIC BINDING - Parent] Player health: 100
[DYNAMIC BINDING - Child] Tyler's health: 100

--- Using Child Reference to Child Object ---
[STATIC BINDING - Child] Arjun's health: 75
[DYNAMIC BINDING - Child] Arjun's health: 75

=== KEY TAKEAWAY ===
Static Binding: Method call resolved at COMPILE-TIME based on reference type
Dynamic Binding: Method call resolved at RUNTIME based on actual object type
Spawned relic: Relic 2 V4(Clone)
No viewer detected. Attempting to find camera object
INFORMATION: Added TestingObj0 to inventory at slot 0
INFORMATION: Added TestingObj1 to inventory at slot 1
INFORMATION: Added TestingObj2 to inventory at slot 2
INFORMATION: Added TestingObj3 to inventory at slot 3
]]></output>
        </test-case>
        <test-case id="1011" name="Inventory_StressLoading" fullname="Testing.Inventory_StressLoading" methodname="Inventory_StressLoading" classname="Testing" runstate="Runnable" seed="643549674" result="Failed" start-time="2025-11-15 18:59:05Z" end-time="2025-11-15 18:59:06Z" duration="0.721722" asserts="0">
          <properties>
            <property name="_JOINTYPE" value="UnityCombinatorial" />
            <property name="retryIteration" value="0" />
            <property name="repeatIteration" value="0" />
          </properties>
          <failure>
            <message><![CDATA[SetUp : Unhandled log message: '[Error] Player not found! Ensure tag is Player.'. Use UnityEngine.TestTools.LogAssert.Expect]]></message>
            <stack-trace><![CDATA[skeletonEnemy:Start () (at Assets/src/ArjunRai/skeleton/skeletonEnemy.cs:26)

]]></stack-trace>
          </failure>
          <output><![CDATA[Player not found! Ensure Player has 'Player' tag and PlayerController script.
Player not found! Ensure tag is Player.
instance == Arjun (the Explorer) V7(Clone)
=== DEMONSTRATING STATIC vs DYNAMIC BINDING ===

--- Using Parent Reference to Child Object ---
[STATIC BINDING - Parent] Player health: 100
[DYNAMIC BINDING - Child] Tyler's health: 100

--- Using Child Reference to Child Object ---
[STATIC BINDING - Child] Arjun's health: 75
[DYNAMIC BINDING - Child] Arjun's health: 75

=== KEY TAKEAWAY ===
Static Binding: Method call resolved at COMPILE-TIME based on reference type
Dynamic Binding: Method call resolved at RUNTIME based on actual object type
Spawned relic: Relic V3(Clone)
No viewer detected. Attempting to find camera object
INFORMATION: Added TestingObj0 to inventory at slot 0
INFORMATION: Added TestingObj1 to inventory at slot 1
INFORMATION: Added TestingObj2 to inventory at slot 2
INFORMATION: Added TestingObj3 to inventory at slot 3
]]></output>
        </test-case>
        <test-case id="1008" name="Inventory_TabWrapsAround" fullname="Testing.Inventory_TabWrapsAround" methodname="Inventory_TabWrapsAround" classname="Testing" runstate="Runnable" seed="1265569460" result="Failed" start-time="2025-11-15 18:59:06Z" end-time="2025-11-15 18:59:07Z" duration="0.715194" asserts="0">
          <properties>
            <property name="_JOINTYPE" value="UnityCombinatorial" />
            <property name="retryIteration" value="0" />
            <property name="repeatIteration" value="0" />
          </properties>
          <failure>
            <message><![CDATA[SetUp : Unhandled log message: '[Error] Player not found! Ensure tag is Player.'. Use UnityEngine.TestTools.LogAssert.Expect]]></message>
            <stack-trace><![CDATA[skeletonEnemy:Start () (at Assets/src/ArjunRai/skeleton/skeletonEnemy.cs:26)

]]></stack-trace>
          </failure>
          <output><![CDATA[Player not found! Ensure tag is Player.
Player not found! Ensure Player has 'Player' tag and PlayerController script.
Player not found! Ensure tag is Player.
instance == Arjun (the Explorer) V7(Clone)
=== DEMONSTRATING STATIC vs DYNAMIC BINDING ===

--- Using Parent Reference to Child Object ---
[STATIC BINDING - Parent] Player health: 100
[DYNAMIC BINDING - Child] Tyler's health: 100

--- Using Child Reference to Child Object ---
[STATIC BINDING - Child] Arjun's health: 75
[DYNAMIC BINDING - Child] Arjun's health: 75

=== KEY TAKEAWAY ===
Static Binding: Method call resolved at COMPILE-TIME based on reference type
Dynamic Binding: Method call resolved at RUNTIME based on actual object type
Spawned relic: Relic V3(Clone)
No viewer detected. Attempting to find camera object
INFORMATION: Added TestingObj0 to inventory at slot 0
INFORMATION: Added TestingObj1 to inventory at slot 1
INFORMATION: Added TestingObj2 to inventory at slot 2
INFORMATION: Added TestingObj3 to inventory at slot 3
]]></output>
        </test-case>
        <test-case id="1025" name="ItemFactory_HandlesNull" fullname="Testing.ItemFactory_HandlesNull" methodname="ItemFactory_HandlesNull" classname="Testing" runstate="Runnable" seed="2005585256" result="Failed" start-time="2025-11-15 18:59:07Z" end-time="2025-11-15 18:59:07Z" duration="0.707100" asserts="0">
          <properties>
            <property name="_JOINTYPE" value="UnityCombinatorial" />
            <property name="retryIteration" value="0" />
            <property name="repeatIteration" value="0" />
          </properties>
          <failure>
            <message><![CDATA[SetUp : Unhandled log message: '[Error] Player not found! Ensure tag is Player.'. Use UnityEngine.TestTools.LogAssert.Expect]]></message>
            <stack-trace><![CDATA[skeletonEnemy:Start () (at Assets/src/ArjunRai/skeleton/skeletonEnemy.cs:26)

]]></stack-trace>
          </failure>
          <output><![CDATA[Player not found! Ensure tag is Player.
Player not found! Ensure Player has 'Player' tag and PlayerController script.
Player not found! Ensure tag is Player.
instance == Arjun (the Explorer) V7(Clone)
=== DEMONSTRATING STATIC vs DYNAMIC BINDING ===

--- Using Parent Reference to Child Object ---
[STATIC BINDING - Parent] Player health: 100
[DYNAMIC BINDING - Child] Tyler's health: 100

--- Using Child Reference to Child Object ---
[STATIC BINDING - Child] Arjun's health: 75
[DYNAMIC BINDING - Child] Arjun's health: 75

=== KEY TAKEAWAY ===
Static Binding: Method call resolved at COMPILE-TIME based on reference type
Dynamic Binding: Method call resolved at RUNTIME based on actual object type
Spawned relic: Relic V3(Clone)
No viewer detected. Attempting to find camera object
INFORMATION: Added TestingObj0 to inventory at slot 0
INFORMATION: Added TestingObj1 to inventory at slot 1
INFORMATION: Added TestingObj2 to inventory at slot 2
INFORMATION: Added TestingObj3 to inventory at slot 3
]]></output>
        </test-case>
        <test-case id="1016" name="Movement_HorizontalInputChangesVelocity" fullname="Testing.Movement_HorizontalInputChangesVelocity" methodname="Movement_HorizontalInputChangesVelocity" classname="Testing" runstate="Runnable" seed="1203494793" result="Failed" start-time="2025-11-15 18:59:07Z" end-time="2025-11-15 18:59:08Z" duration="0.529747" asserts="0">
          <properties>
            <property name="_JOINTYPE" value="UnityCombinatorial" />
            <property name="retryIteration" value="0" />
            <property name="repeatIteration" value="0" />
          </properties>
          <failure>
            <message><![CDATA[SetUp : Unhandled log message: '[Error] Player not found! Ensure tag is Player.'. Use UnityEngine.TestTools.LogAssert.Expect]]></message>
            <stack-trace><![CDATA[skeletonEnemy:Start () (at Assets/src/ArjunRai/skeleton/skeletonEnemy.cs:26)

]]></stack-trace>
          </failure>
          <output><![CDATA[Player not found! Ensure Player has 'Player' tag and PlayerController script.
Player not found! Ensure tag is Player.
Player not found! Ensure tag is Player.
instance == Arjun (the Explorer) V7(Clone)
=== DEMONSTRATING STATIC vs DYNAMIC BINDING ===

--- Using Parent Reference to Child Object ---
[STATIC BINDING - Parent] Player health: 100
[DYNAMIC BINDING - Child] Tyler's health: 100

--- Using Child Reference to Child Object ---
[STATIC BINDING - Child] Arjun's health: 75
[DYNAMIC BINDING - Child] Arjun's health: 75

=== KEY TAKEAWAY ===
Static Binding: Method call resolved at COMPILE-TIME based on reference type
Dynamic Binding: Method call resolved at RUNTIME based on actual object type
Spawned relic: Relic V3(Clone)
No viewer detected. Attempting to find camera object
INFORMATION: Added TestingObj0 to inventory at slot 0
INFORMATION: Added TestingObj1 to inventory at slot 1
INFORMATION: Added TestingObj2 to inventory at slot 2
INFORMATION: Added TestingObj3 to inventory at slot 3
]]></output>
        </test-case>
        <test-case id="1017" name="Movement_JumpOnlyWhenOnGround" fullname="Testing.Movement_JumpOnlyWhenOnGround" methodname="Movement_JumpOnlyWhenOnGround" classname="Testing" runstate="Runnable" seed="1820543650" result="Failed" start-time="2025-11-15 18:59:08Z" end-time="2025-11-15 18:59:08Z" duration="0.312335" asserts="0">
          <properties>
            <property name="_JOINTYPE" value="UnityCombinatorial" />
            <property name="retryIteration" value="0" />
            <property name="repeatIteration" value="0" />
          </properties>
          <failure>
            <message><![CDATA[SetUp : Unhandled log message: '[Error] Player not found! Ensure tag is Player.'. Use UnityEngine.TestTools.LogAssert.Expect]]></message>
            <stack-trace><![CDATA[skeletonEnemy:Start () (at Assets/src/ArjunRai/skeleton/skeletonEnemy.cs:26)

]]></stack-trace>
          </failure>
          <output><![CDATA[Player not found! Ensure tag is Player.
Player not found! Ensure tag is Player.
instance == Arjun (the Explorer) V7(Clone)
=== DEMONSTRATING STATIC vs DYNAMIC BINDING ===

--- Using Parent Reference to Child Object ---
[STATIC BINDING - Parent] Player health: 100
[DYNAMIC BINDING - Child] Tyler's health: 100

--- Using Child Reference to Child Object ---
[STATIC BINDING - Child] Arjun's health: 75
[DYNAMIC BINDING - Child] Arjun's health: 75

=== KEY TAKEAWAY ===
Static Binding: Method call resolved at COMPILE-TIME based on reference type
Dynamic Binding: Method call resolved at RUNTIME based on actual object type
Spawned relic: Relic V3(Clone)
No viewer detected. Attempting to find camera object
INFORMATION: Added TestingObj0 to inventory at slot 0
INFORMATION: Added TestingObj1 to inventory at slot 1
INFORMATION: Added TestingObj2 to inventory at slot 2
INFORMATION: Added TestingObj3 to inventory at slot 3
]]></output>
        </test-case>
        <test-case id="1021" name="Pause_StopsMovement" fullname="Testing.Pause_StopsMovement" methodname="Pause_StopsMovement" classname="Testing" runstate="Runnable" seed="1043494929" result="Failed" start-time="2025-11-15 18:59:08Z" end-time="2025-11-15 18:59:08Z" duration="0.319705" asserts="0">
          <properties>
            <property name="_JOINTYPE" value="UnityCombinatorial" />
            <property name="retryIteration" value="0" />
            <property name="repeatIteration" value="0" />
          </properties>
          <failure>
            <message><![CDATA[SetUp : Expected log did not appear: [Error] Player not found! Ensure Player has 'Player' tag and PlayerController script.]]></message>
          </failure>
          <output><![CDATA[instance == Arjun (the Explorer) V7(Clone)
=== DEMONSTRATING STATIC vs DYNAMIC BINDING ===

--- Using Parent Reference to Child Object ---
[STATIC BINDING - Parent] Player health: 100
[DYNAMIC BINDING - Child] Tyler's health: 100

--- Using Child Reference to Child Object ---
[STATIC BINDING - Child] Arjun's health: 75
[DYNAMIC BINDING - Child] Arjun's health: 75

=== KEY TAKEAWAY ===
Static Binding: Method call resolved at COMPILE-TIME based on reference type
Dynamic Binding: Method call resolved at RUNTIME based on actual object type
Spawned relic: Relic 2 V4(Clone)
No viewer detected. Attempting to find camera object
INFORMATION: Added TestingObj0 to inventory at slot 0
INFORMATION: Added TestingObj1 to inventory at slot 1
INFORMATION: Added TestingObj2 to inventory at slot 2
INFORMATION: Added TestingObj3 to inventory at slot 3
]]></output>
        </test-case>
        <test-case id="1018" name="Pickup_AddsItemToNextEmptySlot" fullname="Testing.Pickup_AddsItemToNextEmptySlot" methodname="Pickup_AddsItemToNextEmptySlot" classname="Testing" runstate="Runnable" seed="549114626" result="Failed" start-time="2025-11-15 18:59:08Z" end-time="2025-11-15 18:59:09Z" duration="0.325258" asserts="0">
          <properties>
            <property name="_JOINTYPE" value="UnityCombinatorial" />
            <property name="retryIteration" value="0" />
            <property name="repeatIteration" value="0" />
          </properties>
          <failure>
            <message><![CDATA[SetUp : Unhandled log message: '[Error] Player not found! Ensure tag is Player.'. Use UnityEngine.TestTools.LogAssert.Expect]]></message>
            <stack-trace><![CDATA[skeletonEnemy:Start () (at Assets/src/ArjunRai/skeleton/skeletonEnemy.cs:26)

]]></stack-trace>
          </failure>
          <output><![CDATA[Player not found! Ensure tag is Player.
instance == Arjun (the Explorer) V7(Clone)
=== DEMONSTRATING STATIC vs DYNAMIC BINDING ===

--- Using Parent Reference to Child Object ---
[STATIC BINDING - Parent] Player health: 100
[DYNAMIC BINDING - Child] Tyler's health: 100

--- Using Child Reference to Child Object ---
[STATIC BINDING - Child] Arjun's health: 75
[DYNAMIC BINDING - Child] Arjun's health: 75

=== KEY TAKEAWAY ===
Static Binding: Method call resolved at COMPILE-TIME based on reference type
Dynamic Binding: Method call resolved at RUNTIME based on actual object type
Spawned relic: Relic V3(Clone)
No viewer detected. Attempting to find camera object
INFORMATION: Added TestingObj0 to inventory at slot 0
INFORMATION: Added TestingObj1 to inventory at slot 1
INFORMATION: Added TestingObj2 to inventory at slot 2
INFORMATION: Added TestingObj3 to inventory at slot 3
]]></output>
        </test-case>
        <test-case id="1014" name="Score_ChangeScoreClampsToUIntRange" fullname="Testing.Score_ChangeScoreClampsToUIntRange" methodname="Score_ChangeScoreClampsToUIntRange" classname="Testing" runstate="Runnable" seed="1631388267" result="Failed" start-time="2025-11-15 18:59:09Z" end-time="2025-11-15 18:59:09Z" duration="0.334286" asserts="0">
          <properties>
            <property name="_JOINTYPE" value="UnityCombinatorial" />
            <property name="retryIteration" value="0" />
            <property name="repeatIteration" value="0" />
          </properties>
          <failure>
            <message><![CDATA[SetUp : Unhandled log message: '[Error] Player not found! Ensure tag is Player.'. Use UnityEngine.TestTools.LogAssert.Expect]]></message>
            <stack-trace><![CDATA[skeletonEnemy:Start () (at Assets/src/ArjunRai/skeleton/skeletonEnemy.cs:26)

]]></stack-trace>
          </failure>
          <output><![CDATA[Player not found! Ensure tag is Player.
instance == Arjun (the Explorer) V7(Clone)
=== DEMONSTRATING STATIC vs DYNAMIC BINDING ===

--- Using Parent Reference to Child Object ---
[STATIC BINDING - Parent] Player health: 100
[DYNAMIC BINDING - Child] Tyler's health: 100

--- Using Child Reference to Child Object ---
[STATIC BINDING - Child] Arjun's health: 75
[DYNAMIC BINDING - Child] Arjun's health: 75

=== KEY TAKEAWAY ===
Static Binding: Method call resolved at COMPILE-TIME based on reference type
Dynamic Binding: Method call resolved at RUNTIME based on actual object type
Spawned relic: Relic V3(Clone)
No viewer detected. Attempting to find camera object
INFORMATION: Added TestingObj0 to inventory at slot 0
INFORMATION: Added TestingObj1 to inventory at slot 1
INFORMATION: Added TestingObj2 to inventory at slot 2
INFORMATION: Added TestingObj3 to inventory at slot 3
]]></output>
        </test-case>
        <test-case id="1015" name="Score_GetScoreMatchesInternal" fullname="Testing.Score_GetScoreMatchesInternal" methodname="Score_GetScoreMatchesInternal" classname="Testing" runstate="Runnable" seed="360392237" result="Passed" start-time="2025-11-15 18:59:09Z" end-time="2025-11-15 18:59:09Z" duration="0.346627" asserts="0">
          <properties>
            <property name="_JOINTYPE" value="UnityCombinatorial" />
            <property name="retryIteration" value="0" />
            <property name="repeatIteration" value="0" />
          </properties>
          <output><![CDATA[Player not found! Ensure Player has 'Player' tag and PlayerController script.
instance == Arjun (the Explorer) V7(Clone)
=== DEMONSTRATING STATIC vs DYNAMIC BINDING ===

--- Using Parent Reference to Child Object ---
[STATIC BINDING - Parent] Player health: 100
[DYNAMIC BINDING - Child] Tyler's health: 100

--- Using Child Reference to Child Object ---
[STATIC BINDING - Child] Arjun's health: 75
[DYNAMIC BINDING - Child] Arjun's health: 75

=== KEY TAKEAWAY ===
Static Binding: Method call resolved at COMPILE-TIME based on reference type
Dynamic Binding: Method call resolved at RUNTIME based on actual object type
Spawned relic: Relic V3(Clone)
No viewer detected. Attempting to find camera object
INFORMATION: Added TestingObj0 to inventory at slot 0
INFORMATION: Added TestingObj1 to inventory at slot 1
INFORMATION: Added TestingObj2 to inventory at slot 2
INFORMATION: Added TestingObj3 to inventory at slot 3
]]></output>
        </test-case>
        <test-case id="1024" name="StaminaWheel_ExhaustionDisablesGreenWheel" fullname="Testing.StaminaWheel_ExhaustionDisablesGreenWheel" methodname="StaminaWheel_ExhaustionDisablesGreenWheel" classname="Testing" runstate="Runnable" seed="1124088225" result="Failed" start-time="2025-11-15 18:59:09Z" end-time="2025-11-15 18:59:10Z" duration="0.312291" asserts="0">
          <properties>
            <property name="_JOINTYPE" value="UnityCombinatorial" />
            <property name="retryIteration" value="0" />
            <property name="repeatIteration" value="0" />
          </properties>
          <failure>
            <message><![CDATA[SetUp : Unhandled log message: '[Error] Player not found! Ensure tag is Player.'. Use UnityEngine.TestTools.LogAssert.Expect]]></message>
            <stack-trace><![CDATA[skeletonEnemy:Start () (at Assets/src/ArjunRai/skeleton/skeletonEnemy.cs:26)

]]></stack-trace>
          </failure>
          <output><![CDATA[Player not found! Ensure Player has 'Player' tag and PlayerController script.
Player not found! Ensure tag is Player.
instance == Arjun (the Explorer) V7(Clone)
=== DEMONSTRATING STATIC vs DYNAMIC BINDING ===

--- Using Parent Reference to Child Object ---
[STATIC BINDING - Parent] Player health: 100
[DYNAMIC BINDING - Child] Tyler's health: 100

--- Using Child Reference to Child Object ---
[STATIC BINDING - Child] Arjun's health: 75
[DYNAMIC BINDING - Child] Arjun's health: 75

=== KEY TAKEAWAY ===
Static Binding: Method call resolved at COMPILE-TIME based on reference type
Dynamic Binding: Method call resolved at RUNTIME based on actual object type
Spawned relic: Relic V3(Clone)
No viewer detected. Attempting to find camera object
INFORMATION: Added TestingObj0 to inventory at slot 0
INFORMATION: Added TestingObj1 to inventory at slot 1
INFORMATION: Added TestingObj2 to inventory at slot 2
INFORMATION: Added TestingObj3 to inventory at slot 3
]]></output>
        </test-case>
        <test-case id="1023" name="StaminaWheel_InitializesAtMax" fullname="Testing.StaminaWheel_InitializesAtMax" methodname="StaminaWheel_InitializesAtMax" classname="Testing" runstate="Runnable" seed="541973403" result="Failed" start-time="2025-11-15 18:59:10Z" end-time="2025-11-15 18:59:10Z" duration="0.316457" asserts="0">
          <properties>
            <property name="_JOINTYPE" value="UnityCombinatorial" />
            <property name="retryIteration" value="0" />
            <property name="repeatIteration" value="0" />
          </properties>
          <failure>
            <message><![CDATA[SetUp : Unhandled log message: '[Error] Player not found! Ensure tag is Player.'. Use UnityEngine.TestTools.LogAssert.Expect]]></message>
            <stack-trace><![CDATA[skeletonEnemy:Start () (at Assets/src/ArjunRai/skeleton/skeletonEnemy.cs:26)

]]></stack-trace>
          </failure>
          <output><![CDATA[Player not found! Ensure Player has 'Player' tag and PlayerController script.
Player not found! Ensure tag is Player.
Player not found! Ensure tag is Player.
instance == Arjun (the Explorer) V7(Clone)
=== DEMONSTRATING STATIC vs DYNAMIC BINDING ===

--- Using Parent Reference to Child Object ---
[STATIC BINDING - Parent] Player health: 100
[DYNAMIC BINDING - Child] Tyler's health: 100

--- Using Child Reference to Child Object ---
[STATIC BINDING - Child] Arjun's health: 75
[DYNAMIC BINDING - Child] Arjun's health: 75

=== KEY TAKEAWAY ===
Static Binding: Method call resolved at COMPILE-TIME based on reference type
Dynamic Binding: Method call resolved at RUNTIME based on actual object type
Spawned relic: Relic V3(Clone)
No viewer detected. Attempting to find camera object
INFORMATION: Added TestingObj0 to inventory at slot 0
INFORMATION: Added TestingObj1 to inventory at slot 1
INFORMATION: Added TestingObj2 to inventory at slot 2
INFORMATION: Added TestingObj3 to inventory at slot 3
]]></output>
        </test-case>
        <test-case id="1020" name="Victory_MultipliesScoreByInventoryCountPlusOne" fullname="Testing.Victory_MultipliesScoreByInventoryCountPlusOne" methodname="Victory_MultipliesScoreByInventoryCountPlusOne" classname="Testing" runstate="Runnable" seed="1378527837" result="Failed" start-time="2025-11-15 18:59:10Z" end-time="2025-11-15 18:59:10Z" duration="0.317597" asserts="0">
          <properties>
            <property name="_JOINTYPE" value="UnityCombinatorial" />
            <property name="retryIteration" value="0" />
            <property name="repeatIteration" value="0" />
          </properties>
          <failure>
            <message><![CDATA[SetUp : Unhandled log message: '[Error] Player not found! Ensure tag is Player.'. Use UnityEngine.TestTools.LogAssert.Expect]]></message>
            <stack-trace><![CDATA[skeletonEnemy:Start () (at Assets/src/ArjunRai/skeleton/skeletonEnemy.cs:26)

]]></stack-trace>
          </failure>
          <output><![CDATA[Player not found! Ensure tag is Player.
Player not found! Ensure Player has 'Player' tag and PlayerController script.
Player not found! Ensure tag is Player.
instance == Arjun (the Explorer) V7(Clone)
=== DEMONSTRATING STATIC vs DYNAMIC BINDING ===

--- Using Parent Reference to Child Object ---
[STATIC BINDING - Parent] Player health: 100
[DYNAMIC BINDING - Child] Tyler's health: 100

--- Using Child Reference to Child Object ---
[STATIC BINDING - Child] Arjun's health: 75
[DYNAMIC BINDING - Child] Arjun's health: 75

=== KEY TAKEAWAY ===
Static Binding: Method call resolved at COMPILE-TIME based on reference type
Dynamic Binding: Method call resolved at RUNTIME based on actual object type
Spawned relic: Relic V3(Clone)
No viewer detected. Attempting to find camera object
INFORMATION: Added TestingObj0 to inventory at slot 0
INFORMATION: Added TestingObj1 to inventory at slot 1
INFORMATION: Added TestingObj2 to inventory at slot 2
INFORMATION: Added TestingObj3 to inventory at slot 3
Saving results to: C:/Users/Conno/AppData/LocalLow/Sandstorm Games/SubTerra\TestResults.xml
]]></output>
        </test-case>
      </test-suite>
    </test-suite>
  </test-suite>
</test-run>